2017-11-28 12:04:42,385 [main] DEBUG org.jboss.logging - Logging Provider: org.jboss.logging.Slf4jLoggerProvider found via system property 
2017-11-28 12:04:43,473 [main] INFO  c.f.d.workflow.WorkflowApplication - The following profiles are active: prod 
2017-11-28 12:04:52,589 [main] WARN  o.s.c.a.ConfigurationClassPostProcessor - Cannot enhance @Configuration bean definition 'refreshScope' since its singleton instance has been created too early. The typical cause is a non-static @Bean method with a BeanDefinitionRegistryPostProcessor return type: Consider declaring such methods as 'static'. 
2017-11-28 12:05:07,165 [main] WARN  o.a.t.jdbc.pool.PooledConnection - Not loading a JDBC driver as driverClassName property is null. 
2017-11-28 12:05:08,005 [main] WARN  o.a.t.jdbc.pool.PooledConnection - Not loading a JDBC driver as driverClassName property is null. 
2017-11-28 12:05:08,069 [main] WARN  o.a.t.jdbc.pool.PooledConnection - Not loading a JDBC driver as driverClassName property is null. 
2017-11-28 12:05:08,134 [main] WARN  o.a.t.jdbc.pool.PooledConnection - Not loading a JDBC driver as driverClassName property is null. 
2017-11-28 12:05:08,142 [main] WARN  o.a.t.jdbc.pool.PooledConnection - Not loading a JDBC driver as driverClassName property is null. 
2017-11-28 12:05:08,174 [main] WARN  o.a.t.jdbc.pool.PooledConnection - Not loading a JDBC driver as driverClassName property is null. 
2017-11-28 12:05:08,197 [main] WARN  o.a.t.jdbc.pool.PooledConnection - Not loading a JDBC driver as driverClassName property is null. 
2017-11-28 12:05:08,204 [main] WARN  o.a.t.jdbc.pool.PooledConnection - Not loading a JDBC driver as driverClassName property is null. 
2017-11-28 12:05:08,210 [main] WARN  o.a.t.jdbc.pool.PooledConnection - Not loading a JDBC driver as driverClassName property is null. 
2017-11-28 12:05:08,227 [main] WARN  o.a.t.jdbc.pool.PooledConnection - Not loading a JDBC driver as driverClassName property is null. 
2017-11-28 12:14:17,774 [main] DEBUG org.jboss.logging - Logging Provider: org.jboss.logging.Slf4jLoggerProvider found via system property 
2017-11-28 12:14:18,554 [main] INFO  c.f.d.workflow.WorkflowApplication - The following profiles are active: prod 
2017-11-28 12:14:23,092 [main] WARN  o.s.c.a.ConfigurationClassPostProcessor - Cannot enhance @Configuration bean definition 'refreshScope' since its singleton instance has been created too early. The typical cause is a non-static @Bean method with a BeanDefinitionRegistryPostProcessor return type: Consider declaring such methods as 'static'. 
2017-11-28 12:14:27,673 [main] WARN  o.a.t.jdbc.pool.PooledConnection - Not loading a JDBC driver as driverClassName property is null. 
2017-11-28 12:14:27,981 [main] WARN  o.a.t.jdbc.pool.PooledConnection - Not loading a JDBC driver as driverClassName property is null. 
2017-11-28 12:14:28,008 [main] WARN  o.a.t.jdbc.pool.PooledConnection - Not loading a JDBC driver as driverClassName property is null. 
2017-11-28 12:14:28,069 [main] WARN  o.a.t.jdbc.pool.PooledConnection - Not loading a JDBC driver as driverClassName property is null. 
2017-11-28 12:14:28,107 [main] WARN  o.a.t.jdbc.pool.PooledConnection - Not loading a JDBC driver as driverClassName property is null. 
2017-11-28 12:14:28,115 [main] WARN  o.a.t.jdbc.pool.PooledConnection - Not loading a JDBC driver as driverClassName property is null. 
2017-11-28 12:14:28,160 [main] WARN  o.a.t.jdbc.pool.PooledConnection - Not loading a JDBC driver as driverClassName property is null. 
2017-11-28 12:14:28,172 [main] WARN  o.a.t.jdbc.pool.PooledConnection - Not loading a JDBC driver as driverClassName property is null. 
2017-11-28 12:14:28,177 [main] WARN  o.a.t.jdbc.pool.PooledConnection - Not loading a JDBC driver as driverClassName property is null. 
2017-11-28 12:14:28,181 [main] WARN  o.a.t.jdbc.pool.PooledConnection - Not loading a JDBC driver as driverClassName property is null. 
2017-11-28 12:14:46,409 [main] WARN  c.n.c.s.URLConfigurationSource - No URLs will be polled as dynamic configuration sources. 
2017-11-28 12:14:46,416 [main] WARN  c.n.c.s.URLConfigurationSource - No URLs will be polled as dynamic configuration sources. 
2017-11-28 12:14:48,722 [main] INFO  c.s.j.spi.service.ServiceFinder - Running in a non-OSGi environment 
2017-11-28 12:14:48,728 [main] INFO  c.s.j.c.s.c.ProviderServices - Searching for providers that implement: interface com.sun.jersey.client.proxy.ViewProxyProvider 
2017-11-28 12:14:48,730 [main] INFO  c.s.j.c.s.c.ProviderServices - Searching for providers that implement: interface com.sun.jersey.spi.inject.InjectableProvider 
2017-11-28 12:14:48,733 [main] INFO  c.s.j.c.s.c.ProviderServices -     Provider found: class com.sun.jersey.core.impl.provider.xml.SAXParserContextProvider 
2017-11-28 12:14:48,734 [main] INFO  c.s.j.c.s.c.ProviderServices -     Provider found: class com.sun.jersey.core.impl.provider.xml.XMLStreamReaderContextProvider 
2017-11-28 12:14:48,734 [main] INFO  c.s.j.c.s.c.ProviderServices -     Provider found: class com.sun.jersey.core.impl.provider.xml.DocumentBuilderFactoryProvider 
2017-11-28 12:14:48,734 [main] INFO  c.s.j.c.s.c.ProviderServices -     Provider found: class com.sun.jersey.core.impl.provider.xml.TransformerFactoryProvider 
2017-11-28 12:14:48,775 [main] INFO  c.s.j.c.s.c.ProviderServices - Searching for providers that implement: interface javax.ws.rs.ext.MessageBodyReader 
2017-11-28 12:14:48,786 [main] INFO  c.s.j.c.s.c.ProviderServices -     Provider found: class com.sun.jersey.core.impl.provider.entity.StringProvider 
2017-11-28 12:14:48,787 [main] INFO  c.s.j.c.s.c.ProviderServices -     Provider found: class com.sun.jersey.core.impl.provider.entity.ByteArrayProvider 
2017-11-28 12:14:48,787 [main] INFO  c.s.j.c.s.c.ProviderServices -     Provider found: class com.sun.jersey.core.impl.provider.entity.FileProvider 
2017-11-28 12:14:48,787 [main] INFO  c.s.j.c.s.c.ProviderServices -     Provider found: class com.sun.jersey.core.impl.provider.entity.InputStreamProvider 
2017-11-28 12:14:48,787 [main] INFO  c.s.j.c.s.c.ProviderServices -     Provider found: class com.sun.jersey.core.impl.provider.entity.DataSourceProvider 
2017-11-28 12:14:48,787 [main] INFO  c.s.j.c.s.c.ProviderServices -     Provider found: class com.sun.jersey.core.impl.provider.entity.RenderedImageProvider 
2017-11-28 12:14:48,787 [main] INFO  c.s.j.c.s.c.ProviderServices -     Provider found: class com.sun.jersey.core.impl.provider.entity.MimeMultipartProvider 
2017-11-28 12:14:48,787 [main] INFO  c.s.j.c.s.c.ProviderServices -     Provider found: class com.sun.jersey.core.impl.provider.entity.FormProvider 
2017-11-28 12:14:48,787 [main] INFO  c.s.j.c.s.c.ProviderServices -     Provider found: class com.sun.jersey.core.impl.provider.entity.FormMultivaluedMapProvider 
2017-11-28 12:14:48,787 [main] INFO  c.s.j.c.s.c.ProviderServices -     Provider found: class com.sun.jersey.core.impl.provider.entity.XMLRootElementProvider$App 
2017-11-28 12:14:48,787 [main] INFO  c.s.j.c.s.c.ProviderServices -     Provider found: class com.sun.jersey.core.impl.provider.entity.XMLRootElementProvider$Text 
2017-11-28 12:14:48,787 [main] INFO  c.s.j.c.s.c.ProviderServices -     Provider found: class com.sun.jersey.core.impl.provider.entity.XMLRootElementProvider$General 
2017-11-28 12:14:48,787 [main] INFO  c.s.j.c.s.c.ProviderServices -     Provider found: class com.sun.jersey.core.impl.provider.entity.XMLJAXBElementProvider$App 
2017-11-28 12:14:48,787 [main] INFO  c.s.j.c.s.c.ProviderServices -     Provider found: class com.sun.jersey.core.impl.provider.entity.XMLJAXBElementProvider$Text 
2017-11-28 12:14:48,787 [main] INFO  c.s.j.c.s.c.ProviderServices -     Provider found: class com.sun.jersey.core.impl.provider.entity.XMLJAXBElementProvider$General 
2017-11-28 12:14:48,788 [main] INFO  c.s.j.c.s.c.ProviderServices -     Provider found: class com.sun.jersey.core.impl.provider.entity.XMLListElementProvider$App 
2017-11-28 12:14:48,788 [main] INFO  c.s.j.c.s.c.ProviderServices -     Provider found: class com.sun.jersey.core.impl.provider.entity.XMLListElementProvider$Text 
2017-11-28 12:14:48,788 [main] INFO  c.s.j.c.s.c.ProviderServices -     Provider found: class com.sun.jersey.core.impl.provider.entity.XMLListElementProvider$General 
2017-11-28 12:14:48,788 [main] INFO  c.s.j.c.s.c.ProviderServices -     Provider found: class com.sun.jersey.core.impl.provider.entity.ReaderProvider 
2017-11-28 12:14:48,788 [main] INFO  c.s.j.c.s.c.ProviderServices -     Provider found: class com.sun.jersey.core.impl.provider.entity.DocumentProvider 
2017-11-28 12:14:48,788 [main] INFO  c.s.j.c.s.c.ProviderServices -     Provider found: class com.sun.jersey.core.impl.provider.entity.SourceProvider$StreamSourceReader 
2017-11-28 12:14:48,788 [main] INFO  c.s.j.c.s.c.ProviderServices -     Provider found: class com.sun.jersey.core.impl.provider.entity.SourceProvider$SAXSourceReader 
2017-11-28 12:14:48,788 [main] INFO  c.s.j.c.s.c.ProviderServices -     Provider found: class com.sun.jersey.core.impl.provider.entity.SourceProvider$DOMSourceReader 
2017-11-28 12:14:48,788 [main] INFO  c.s.j.c.s.c.ProviderServices -     Provider found: class com.sun.jersey.core.impl.provider.entity.XMLRootObjectProvider$App 
2017-11-28 12:14:48,788 [main] INFO  c.s.j.c.s.c.ProviderServices -     Provider found: class com.sun.jersey.core.impl.provider.entity.XMLRootObjectProvider$Text 
2017-11-28 12:14:48,789 [main] INFO  c.s.j.c.s.c.ProviderServices -     Provider found: class com.sun.jersey.core.impl.provider.entity.XMLRootObjectProvider$General 
2017-11-28 12:14:48,789 [main] INFO  c.s.j.c.s.c.ProviderServices -     Provider found: class com.sun.jersey.core.impl.provider.entity.EntityHolderReader 
2017-11-28 12:14:48,805 [main] INFO  c.s.j.c.s.component.ProviderFactory - A dependent class, javax/mail/MessagingException, of the component class com.sun.jersey.core.impl.provider.entity.MimeMultipartProvider is not found. The component is ignored. 
2017-11-28 12:14:48,846 [main] INFO  c.s.j.c.s.c.ProviderServices - Searching for providers that implement: interface javax.ws.rs.ext.MessageBodyWriter 
2017-11-28 12:14:48,848 [main] INFO  c.s.j.c.s.c.ProviderServices -     Provider found: class com.sun.jersey.core.impl.provider.entity.StringProvider 
2017-11-28 12:14:48,848 [main] INFO  c.s.j.c.s.c.ProviderServices -     Provider found: class com.sun.jersey.core.impl.provider.entity.ByteArrayProvider 
2017-11-28 12:14:48,848 [main] INFO  c.s.j.c.s.c.ProviderServices -     Provider found: class com.sun.jersey.core.impl.provider.entity.FileProvider 
2017-11-28 12:14:48,848 [main] INFO  c.s.j.c.s.c.ProviderServices -     Provider found: class com.sun.jersey.core.impl.provider.entity.InputStreamProvider 
2017-11-28 12:14:48,848 [main] INFO  c.s.j.c.s.c.ProviderServices -     Provider found: class com.sun.jersey.core.impl.provider.entity.DataSourceProvider 
2017-11-28 12:14:48,848 [main] INFO  c.s.j.c.s.c.ProviderServices -     Provider found: class com.sun.jersey.core.impl.provider.entity.RenderedImageProvider 
2017-11-28 12:14:48,848 [main] INFO  c.s.j.c.s.c.ProviderServices -     Provider found: class com.sun.jersey.core.impl.provider.entity.MimeMultipartProvider 
2017-11-28 12:14:48,848 [main] INFO  c.s.j.c.s.c.ProviderServices -     Provider found: class com.sun.jersey.core.impl.provider.entity.FormProvider 
2017-11-28 12:14:48,848 [main] INFO  c.s.j.c.s.c.ProviderServices -     Provider found: class com.sun.jersey.core.impl.provider.entity.FormMultivaluedMapProvider 
2017-11-28 12:14:48,848 [main] INFO  c.s.j.c.s.c.ProviderServices -     Provider found: class com.sun.jersey.core.impl.provider.entity.XMLRootElementProvider$App 
2017-11-28 12:14:48,848 [main] INFO  c.s.j.c.s.c.ProviderServices -     Provider found: class com.sun.jersey.core.impl.provider.entity.XMLRootElementProvider$Text 
2017-11-28 12:14:48,848 [main] INFO  c.s.j.c.s.c.ProviderServices -     Provider found: class com.sun.jersey.core.impl.provider.entity.XMLRootElementProvider$General 
2017-11-28 12:14:48,849 [main] INFO  c.s.j.c.s.c.ProviderServices -     Provider found: class com.sun.jersey.core.impl.provider.entity.XMLJAXBElementProvider$App 
2017-11-28 12:14:48,849 [main] INFO  c.s.j.c.s.c.ProviderServices -     Provider found: class com.sun.jersey.core.impl.provider.entity.XMLJAXBElementProvider$Text 
2017-11-28 12:14:48,849 [main] INFO  c.s.j.c.s.c.ProviderServices -     Provider found: class com.sun.jersey.core.impl.provider.entity.XMLJAXBElementProvider$General 
2017-11-28 12:14:48,849 [main] INFO  c.s.j.c.s.c.ProviderServices -     Provider found: class com.sun.jersey.core.impl.provider.entity.XMLListElementProvider$App 
2017-11-28 12:14:48,849 [main] INFO  c.s.j.c.s.c.ProviderServices -     Provider found: class com.sun.jersey.core.impl.provider.entity.XMLListElementProvider$Text 
2017-11-28 12:14:48,849 [main] INFO  c.s.j.c.s.c.ProviderServices -     Provider found: class com.sun.jersey.core.impl.provider.entity.XMLListElementProvider$General 
2017-11-28 12:14:48,849 [main] INFO  c.s.j.c.s.c.ProviderServices -     Provider found: class com.sun.jersey.core.impl.provider.entity.ReaderProvider 
2017-11-28 12:14:48,849 [main] INFO  c.s.j.c.s.c.ProviderServices -     Provider found: class com.sun.jersey.core.impl.provider.entity.DocumentProvider 
2017-11-28 12:14:48,849 [main] INFO  c.s.j.c.s.c.ProviderServices -     Provider found: class com.sun.jersey.core.impl.provider.entity.StreamingOutputProvider 
2017-11-28 12:14:48,849 [main] INFO  c.s.j.c.s.c.ProviderServices -     Provider found: class com.sun.jersey.core.impl.provider.entity.SourceProvider$SourceWriter 
2017-11-28 12:14:48,850 [main] INFO  c.s.j.c.s.component.ProviderFactory - A dependent class, javax/mail/MessagingException, of the component class com.sun.jersey.core.impl.provider.entity.MimeMultipartProvider is not found. The component is ignored. 
2017-11-28 12:14:49,562 [main] INFO  c.f.d.workflow.WorkflowApplication - Started WorkflowApplication in 35.524 seconds (JVM running for 36.373) 
2017-11-28 12:17:39,033 [http-nio-7079-exec-1] INFO  c.f.d.w.service.PreferenceService - preference is - [qaEnabled:false, attestationEnabled:false, pocQaAttending:false, submitOnSign:false] 
2017-11-28 12:17:39,076 [http-nio-7079-exec-2] INFO  c.f.d.w.service.PreferenceService - preference is - [qaEnabled:false, attestationEnabled:false, pocQaAttending:false, submitOnSign:false] 
2017-11-28 14:52:13,067 [http-nio-7079-exec-5] INFO  c.f.d.w.service.PreferenceService - preference is - [qaEnabled:false, attestationEnabled:false, pocQaAttending:false, submitOnSign:false] 
2017-11-28 14:52:14,288 [http-nio-7079-exec-6] INFO  c.f.d.w.service.PreferenceService - preference is - [qaEnabled:false, attestationEnabled:false, pocQaAttending:false, submitOnSign:false] 
2017-11-28 14:57:40,566 [http-nio-7079-exec-8] INFO  c.f.d.w.service.PreferenceService - preference is - [qaEnabled:false, attestationEnabled:false, pocQaAttending:false, submitOnSign:false] 
2017-11-28 14:57:40,657 [http-nio-7079-exec-9] INFO  c.f.d.w.service.PreferenceService - preference is - [qaEnabled:false, attestationEnabled:false, pocQaAttending:false, submitOnSign:false] 
2017-11-28 14:57:56,324 [http-nio-7079-exec-10] INFO  c.f.d.w.service.PreferenceService - preference is - [qaEnabled:false, attestationEnabled:false, pocQaAttending:false, submitOnSign:false] 
2017-11-28 14:57:56,613 [http-nio-7079-exec-1] INFO  c.f.d.w.service.PreferenceService - preference is - [qaEnabled:false, attestationEnabled:false, pocQaAttending:false, submitOnSign:false] 
2017-11-28 15:00:24,759 [http-nio-7079-exec-4] INFO  c.f.d.w.service.PreferenceService - preference is - [qaEnabled:false, attestationEnabled:false, pocQaAttending:false, submitOnSign:false] 
2017-11-28 15:00:24,819 [http-nio-7079-exec-3] INFO  c.f.d.w.service.PreferenceService - preference is - [qaEnabled:false, attestationEnabled:false, pocQaAttending:false, submitOnSign:false] 
2017-11-28 15:00:48,163 [http-nio-7079-exec-5] INFO  c.f.d.w.service.PreferenceService - preference is - [qaEnabled:false, attestationEnabled:false, pocQaAttending:false, submitOnSign:false] 
2017-11-28 15:00:48,210 [http-nio-7079-exec-6] INFO  c.f.d.w.service.PreferenceService - preference is - [qaEnabled:false, attestationEnabled:false, pocQaAttending:false, submitOnSign:false] 
2017-11-28 15:03:41,150 [http-nio-7079-exec-8] INFO  c.f.d.w.service.PreferenceService - preference is - [qaEnabled:false, attestationEnabled:false, pocQaAttending:false, submitOnSign:false] 
2017-11-28 15:03:41,208 [http-nio-7079-exec-9] INFO  c.f.d.w.service.PreferenceService - preference is - [qaEnabled:false, attestationEnabled:false, pocQaAttending:false, submitOnSign:false] 
2017-11-28 15:03:52,805 [http-nio-7079-exec-10] INFO  c.f.d.w.service.PreferenceService - preference is - [qaEnabled:false, attestationEnabled:false, pocQaAttending:false, submitOnSign:false] 
2017-11-28 15:03:53,004 [http-nio-7079-exec-1] INFO  c.f.d.w.service.PreferenceService - preference is - [qaEnabled:false, attestationEnabled:false, pocQaAttending:false, submitOnSign:false] 
2017-11-28 15:05:58,408 [http-nio-7079-exec-4] INFO  c.f.d.w.service.PreferenceService - preference is - [qaEnabled:false, attestationEnabled:false, pocQaAttending:false, submitOnSign:false] 
2017-11-28 15:05:58,779 [http-nio-7079-exec-3] INFO  c.f.d.w.service.PreferenceService - preference is - [qaEnabled:false, attestationEnabled:false, pocQaAttending:false, submitOnSign:false] 
2017-11-28 15:22:03,532 [http-nio-7079-exec-6] INFO  c.f.d.w.service.PreferenceService - preference is - [qaEnabled:false, attestationEnabled:false, pocQaAttending:false, submitOnSign:false] 
2017-11-28 15:22:03,734 [http-nio-7079-exec-7] INFO  c.f.d.w.service.PreferenceService - preference is - [qaEnabled:false, attestationEnabled:false, pocQaAttending:false, submitOnSign:false] 
2017-11-28 15:24:14,299 [http-nio-7079-exec-9] INFO  c.f.d.w.service.PreferenceService - preference is - [qaEnabled:false, attestationEnabled:false, pocQaAttending:false, submitOnSign:false] 
2017-11-28 15:24:15,173 [http-nio-7079-exec-10] INFO  c.f.d.w.service.PreferenceService - preference is - [qaEnabled:false, attestationEnabled:false, pocQaAttending:false, submitOnSign:false] 
2017-11-28 15:29:05,512 [http-nio-7079-exec-2] INFO  c.f.d.w.service.PreferenceService - preference is - [qaEnabled:false, attestationEnabled:false, pocQaAttending:false, submitOnSign:false] 
2017-11-28 15:29:05,587 [http-nio-7079-exec-4] INFO  c.f.d.w.service.PreferenceService - preference is - [qaEnabled:false, attestationEnabled:false, pocQaAttending:false, submitOnSign:false] 
2017-11-28 15:31:48,761 [http-nio-7079-exec-5] INFO  c.f.d.w.service.PreferenceService - preference is - [qaEnabled:false, attestationEnabled:false, pocQaAttending:false, submitOnSign:false] 
2017-11-28 15:31:48,793 [http-nio-7079-exec-6] INFO  c.f.d.w.service.PreferenceService - preference is - [qaEnabled:false, attestationEnabled:false, pocQaAttending:false, submitOnSign:false] 
2017-11-28 15:33:44,139 [http-nio-7079-exec-8] INFO  c.f.d.w.service.PreferenceService - preference is - [qaEnabled:false, attestationEnabled:false, pocQaAttending:false, submitOnSign:false] 
2017-11-28 15:33:44,305 [http-nio-7079-exec-9] INFO  c.f.d.w.service.PreferenceService - preference is - [qaEnabled:false, attestationEnabled:false, pocQaAttending:false, submitOnSign:false] 
2017-11-28 15:37:10,202 [http-nio-7079-exec-1] INFO  c.f.d.w.service.PreferenceService - preference is - [qaEnabled:false, attestationEnabled:false, pocQaAttending:false, submitOnSign:false] 
2017-11-28 15:37:10,256 [http-nio-7079-exec-2] INFO  c.f.d.w.service.PreferenceService - preference is - [qaEnabled:false, attestationEnabled:false, pocQaAttending:false, submitOnSign:false] 
2017-11-28 15:40:16,303 [http-nio-7079-exec-3] INFO  c.f.d.w.service.PreferenceService - preference is - [qaEnabled:false, attestationEnabled:false, pocQaAttending:false, submitOnSign:false] 
2017-11-28 15:40:16,365 [http-nio-7079-exec-5] INFO  c.f.d.w.service.PreferenceService - preference is - [qaEnabled:false, attestationEnabled:false, pocQaAttending:false, submitOnSign:false] 
2017-11-28 16:18:06,252 [http-nio-7079-exec-7] INFO  c.f.d.w.service.PreferenceService - preference is - [qaEnabled:false, attestationEnabled:false, pocQaAttending:false, submitOnSign:false] 
2017-11-28 16:18:06,800 [http-nio-7079-exec-8] INFO  c.f.d.w.service.PreferenceService - preference is - [qaEnabled:false, attestationEnabled:false, pocQaAttending:false, submitOnSign:false] 
2017-11-28 16:18:14,785 [http-nio-7079-exec-9] INFO  c.f.d.w.service.PreferenceService - preference is - [qaEnabled:false, attestationEnabled:false, pocQaAttending:false, submitOnSign:false] 
2017-11-28 16:18:15,230 [http-nio-7079-exec-10] INFO  c.f.d.w.service.PreferenceService - preference is - [qaEnabled:false, attestationEnabled:false, pocQaAttending:false, submitOnSign:false] 
2017-11-28 16:33:01,546 [http-nio-7079-exec-2] INFO  c.f.d.w.service.PreferenceService - preference is - [qaEnabled:false, attestationEnabled:false, pocQaAttending:false, submitOnSign:false] 
2017-11-28 16:33:01,835 [http-nio-7079-exec-4] INFO  c.f.d.w.service.PreferenceService - preference is - [qaEnabled:false, attestationEnabled:false, pocQaAttending:false, submitOnSign:false] 
2017-11-28 16:33:22,223 [http-nio-7079-exec-3] INFO  c.f.d.w.service.PreferenceService - preference is - [qaEnabled:false, attestationEnabled:false, pocQaAttending:false, submitOnSign:false] 
2017-11-28 16:33:22,402 [http-nio-7079-exec-5] INFO  c.f.d.w.service.PreferenceService - preference is - [qaEnabled:false, attestationEnabled:false, pocQaAttending:false, submitOnSign:false] 
2017-11-28 16:40:54,572 [http-nio-7079-exec-7] INFO  c.f.d.w.service.PreferenceService - preference is - [qaEnabled:false, attestationEnabled:false, pocQaAttending:false, submitOnSign:false] 
2017-11-28 16:40:54,826 [http-nio-7079-exec-8] INFO  c.f.d.w.service.PreferenceService - preference is - [qaEnabled:false, attestationEnabled:false, pocQaAttending:false, submitOnSign:false] 
