2017-11-22 17:47:47,162 [background-preinit] DEBUG org.jboss.logging - Logging Provider: org.jboss.logging.Slf4jLoggerProvider found via system property 
2017-11-22 17:47:47,725 [main] INFO  c.f.d.n.NotificationApplication - The following profiles are active: prod 
2017-11-22 17:47:56,585 [main] WARN  o.s.c.a.ConfigurationClassPostProcessor - Cannot enhance @Configuration bean definition 'refreshScope' since its singleton instance has been created too early. The typical cause is a non-static @Bean method with a BeanDefinitionRegistryPostProcessor return type: Consider declaring such methods as 'static'. 
2017-11-22 17:48:10,376 [main] WARN  o.a.t.jdbc.pool.PooledConnection - Not loading a JDBC driver as driverClassName property is null. 
2017-11-22 17:48:11,140 [main] WARN  o.a.t.jdbc.pool.PooledConnection - Not loading a JDBC driver as driverClassName property is null. 
2017-11-22 17:48:11,281 [main] WARN  o.a.t.jdbc.pool.PooledConnection - Not loading a JDBC driver as driverClassName property is null. 
2017-11-22 17:48:11,391 [main] WARN  o.a.t.jdbc.pool.PooledConnection - Not loading a JDBC driver as driverClassName property is null. 
2017-11-22 17:48:11,670 [main] WARN  o.a.t.jdbc.pool.PooledConnection - Not loading a JDBC driver as driverClassName property is null. 
2017-11-22 17:48:11,811 [main] WARN  o.a.t.jdbc.pool.PooledConnection - Not loading a JDBC driver as driverClassName property is null. 
2017-11-22 17:48:11,935 [main] WARN  o.a.t.jdbc.pool.PooledConnection - Not loading a JDBC driver as driverClassName property is null. 
2017-11-22 17:48:12,029 [main] WARN  o.a.t.jdbc.pool.PooledConnection - Not loading a JDBC driver as driverClassName property is null. 
2017-11-22 17:48:12,107 [main] WARN  o.a.t.jdbc.pool.PooledConnection - Not loading a JDBC driver as driverClassName property is null. 
2017-11-22 17:48:12,154 [main] WARN  o.a.t.jdbc.pool.PooledConnection - Not loading a JDBC driver as driverClassName property is null. 
2017-11-22 17:48:27,995 [main] WARN  c.n.c.s.URLConfigurationSource - No URLs will be polled as dynamic configuration sources. 
2017-11-22 17:48:27,995 [main] WARN  c.n.c.s.URLConfigurationSource - No URLs will be polled as dynamic configuration sources. 
2017-11-22 17:48:28,791 [main] INFO  c.s.j.spi.service.ServiceFinder - Running in a non-OSGi environment 
2017-11-22 17:48:28,791 [main] INFO  c.s.j.c.s.c.ProviderServices - Searching for providers that implement: interface com.sun.jersey.client.proxy.ViewProxyProvider 
2017-11-22 17:48:28,791 [main] INFO  c.s.j.c.s.c.ProviderServices - Searching for providers that implement: interface com.sun.jersey.spi.inject.InjectableProvider 
2017-11-22 17:48:28,807 [main] INFO  c.s.j.c.s.c.ProviderServices -     Provider found: class com.sun.jersey.core.impl.provider.xml.SAXParserContextProvider 
2017-11-22 17:48:28,807 [main] INFO  c.s.j.c.s.c.ProviderServices -     Provider found: class com.sun.jersey.core.impl.provider.xml.XMLStreamReaderContextProvider 
2017-11-22 17:48:28,807 [main] INFO  c.s.j.c.s.c.ProviderServices -     Provider found: class com.sun.jersey.core.impl.provider.xml.DocumentBuilderFactoryProvider 
2017-11-22 17:48:28,807 [main] INFO  c.s.j.c.s.c.ProviderServices -     Provider found: class com.sun.jersey.core.impl.provider.xml.TransformerFactoryProvider 
2017-11-22 17:48:28,854 [main] INFO  c.s.j.c.s.c.ProviderServices - Searching for providers that implement: interface javax.ws.rs.ext.MessageBodyReader 
2017-11-22 17:48:28,854 [main] INFO  c.s.j.c.s.c.ProviderServices -     Provider found: class com.sun.jersey.core.impl.provider.entity.StringProvider 
2017-11-22 17:48:28,854 [main] INFO  c.s.j.c.s.c.ProviderServices -     Provider found: class com.sun.jersey.core.impl.provider.entity.ByteArrayProvider 
2017-11-22 17:48:28,854 [main] INFO  c.s.j.c.s.c.ProviderServices -     Provider found: class com.sun.jersey.core.impl.provider.entity.FileProvider 
2017-11-22 17:48:28,854 [main] INFO  c.s.j.c.s.c.ProviderServices -     Provider found: class com.sun.jersey.core.impl.provider.entity.InputStreamProvider 
2017-11-22 17:48:28,854 [main] INFO  c.s.j.c.s.c.ProviderServices -     Provider found: class com.sun.jersey.core.impl.provider.entity.DataSourceProvider 
2017-11-22 17:48:28,854 [main] INFO  c.s.j.c.s.c.ProviderServices -     Provider found: class com.sun.jersey.core.impl.provider.entity.RenderedImageProvider 
2017-11-22 17:48:28,854 [main] INFO  c.s.j.c.s.c.ProviderServices -     Provider found: class com.sun.jersey.core.impl.provider.entity.MimeMultipartProvider 
2017-11-22 17:48:28,854 [main] INFO  c.s.j.c.s.c.ProviderServices -     Provider found: class com.sun.jersey.core.impl.provider.entity.FormProvider 
2017-11-22 17:48:28,854 [main] INFO  c.s.j.c.s.c.ProviderServices -     Provider found: class com.sun.jersey.core.impl.provider.entity.FormMultivaluedMapProvider 
2017-11-22 17:48:28,854 [main] INFO  c.s.j.c.s.c.ProviderServices -     Provider found: class com.sun.jersey.core.impl.provider.entity.XMLRootElementProvider$App 
2017-11-22 17:48:28,854 [main] INFO  c.s.j.c.s.c.ProviderServices -     Provider found: class com.sun.jersey.core.impl.provider.entity.XMLRootElementProvider$Text 
2017-11-22 17:48:28,854 [main] INFO  c.s.j.c.s.c.ProviderServices -     Provider found: class com.sun.jersey.core.impl.provider.entity.XMLRootElementProvider$General 
2017-11-22 17:48:28,869 [main] INFO  c.s.j.c.s.c.ProviderServices -     Provider found: class com.sun.jersey.core.impl.provider.entity.XMLJAXBElementProvider$App 
2017-11-22 17:48:28,869 [main] INFO  c.s.j.c.s.c.ProviderServices -     Provider found: class com.sun.jersey.core.impl.provider.entity.XMLJAXBElementProvider$Text 
2017-11-22 17:48:28,869 [main] INFO  c.s.j.c.s.c.ProviderServices -     Provider found: class com.sun.jersey.core.impl.provider.entity.XMLJAXBElementProvider$General 
2017-11-22 17:48:28,869 [main] INFO  c.s.j.c.s.c.ProviderServices -     Provider found: class com.sun.jersey.core.impl.provider.entity.XMLListElementProvider$App 
2017-11-22 17:48:28,869 [main] INFO  c.s.j.c.s.c.ProviderServices -     Provider found: class com.sun.jersey.core.impl.provider.entity.XMLListElementProvider$Text 
2017-11-22 17:48:28,869 [main] INFO  c.s.j.c.s.c.ProviderServices -     Provider found: class com.sun.jersey.core.impl.provider.entity.XMLListElementProvider$General 
2017-11-22 17:48:28,869 [main] INFO  c.s.j.c.s.c.ProviderServices -     Provider found: class com.sun.jersey.core.impl.provider.entity.ReaderProvider 
2017-11-22 17:48:28,869 [main] INFO  c.s.j.c.s.c.ProviderServices -     Provider found: class com.sun.jersey.core.impl.provider.entity.DocumentProvider 
2017-11-22 17:48:28,869 [main] INFO  c.s.j.c.s.c.ProviderServices -     Provider found: class com.sun.jersey.core.impl.provider.entity.SourceProvider$StreamSourceReader 
2017-11-22 17:48:28,869 [main] INFO  c.s.j.c.s.c.ProviderServices -     Provider found: class com.sun.jersey.core.impl.provider.entity.SourceProvider$SAXSourceReader 
2017-11-22 17:48:28,869 [main] INFO  c.s.j.c.s.c.ProviderServices -     Provider found: class com.sun.jersey.core.impl.provider.entity.SourceProvider$DOMSourceReader 
2017-11-22 17:48:28,869 [main] INFO  c.s.j.c.s.c.ProviderServices -     Provider found: class com.sun.jersey.core.impl.provider.entity.XMLRootObjectProvider$App 
2017-11-22 17:48:28,869 [main] INFO  c.s.j.c.s.c.ProviderServices -     Provider found: class com.sun.jersey.core.impl.provider.entity.XMLRootObjectProvider$Text 
2017-11-22 17:48:28,869 [main] INFO  c.s.j.c.s.c.ProviderServices -     Provider found: class com.sun.jersey.core.impl.provider.entity.XMLRootObjectProvider$General 
2017-11-22 17:48:28,869 [main] INFO  c.s.j.c.s.c.ProviderServices -     Provider found: class com.sun.jersey.core.impl.provider.entity.EntityHolderReader 
2017-11-22 17:48:29,119 [main] INFO  c.s.j.c.s.c.ProviderServices - Searching for providers that implement: interface javax.ws.rs.ext.MessageBodyWriter 
2017-11-22 17:48:29,119 [main] INFO  c.s.j.c.s.c.ProviderServices -     Provider found: class com.sun.jersey.core.impl.provider.entity.StringProvider 
2017-11-22 17:48:29,119 [main] INFO  c.s.j.c.s.c.ProviderServices -     Provider found: class com.sun.jersey.core.impl.provider.entity.ByteArrayProvider 
2017-11-22 17:48:29,119 [main] INFO  c.s.j.c.s.c.ProviderServices -     Provider found: class com.sun.jersey.core.impl.provider.entity.FileProvider 
2017-11-22 17:48:29,119 [main] INFO  c.s.j.c.s.c.ProviderServices -     Provider found: class com.sun.jersey.core.impl.provider.entity.InputStreamProvider 
2017-11-22 17:48:29,119 [main] INFO  c.s.j.c.s.c.ProviderServices -     Provider found: class com.sun.jersey.core.impl.provider.entity.DataSourceProvider 
2017-11-22 17:48:29,119 [main] INFO  c.s.j.c.s.c.ProviderServices -     Provider found: class com.sun.jersey.core.impl.provider.entity.RenderedImageProvider 
2017-11-22 17:48:29,119 [main] INFO  c.s.j.c.s.c.ProviderServices -     Provider found: class com.sun.jersey.core.impl.provider.entity.MimeMultipartProvider 
2017-11-22 17:48:29,119 [main] INFO  c.s.j.c.s.c.ProviderServices -     Provider found: class com.sun.jersey.core.impl.provider.entity.FormProvider 
2017-11-22 17:48:29,119 [main] INFO  c.s.j.c.s.c.ProviderServices -     Provider found: class com.sun.jersey.core.impl.provider.entity.FormMultivaluedMapProvider 
2017-11-22 17:48:29,119 [main] INFO  c.s.j.c.s.c.ProviderServices -     Provider found: class com.sun.jersey.core.impl.provider.entity.XMLRootElementProvider$App 
2017-11-22 17:48:29,119 [main] INFO  c.s.j.c.s.c.ProviderServices -     Provider found: class com.sun.jersey.core.impl.provider.entity.XMLRootElementProvider$Text 
2017-11-22 17:48:29,119 [main] INFO  c.s.j.c.s.c.ProviderServices -     Provider found: class com.sun.jersey.core.impl.provider.entity.XMLRootElementProvider$General 
2017-11-22 17:48:29,119 [main] INFO  c.s.j.c.s.c.ProviderServices -     Provider found: class com.sun.jersey.core.impl.provider.entity.XMLJAXBElementProvider$App 
2017-11-22 17:48:29,119 [main] INFO  c.s.j.c.s.c.ProviderServices -     Provider found: class com.sun.jersey.core.impl.provider.entity.XMLJAXBElementProvider$Text 
2017-11-22 17:48:29,119 [main] INFO  c.s.j.c.s.c.ProviderServices -     Provider found: class com.sun.jersey.core.impl.provider.entity.XMLJAXBElementProvider$General 
2017-11-22 17:48:29,119 [main] INFO  c.s.j.c.s.c.ProviderServices -     Provider found: class com.sun.jersey.core.impl.provider.entity.XMLListElementProvider$App 
2017-11-22 17:48:29,119 [main] INFO  c.s.j.c.s.c.ProviderServices -     Provider found: class com.sun.jersey.core.impl.provider.entity.XMLListElementProvider$Text 
2017-11-22 17:48:29,119 [main] INFO  c.s.j.c.s.c.ProviderServices -     Provider found: class com.sun.jersey.core.impl.provider.entity.XMLListElementProvider$General 
2017-11-22 17:48:29,119 [main] INFO  c.s.j.c.s.c.ProviderServices -     Provider found: class com.sun.jersey.core.impl.provider.entity.ReaderProvider 
2017-11-22 17:48:29,119 [main] INFO  c.s.j.c.s.c.ProviderServices -     Provider found: class com.sun.jersey.core.impl.provider.entity.DocumentProvider 
2017-11-22 17:48:29,119 [main] INFO  c.s.j.c.s.c.ProviderServices -     Provider found: class com.sun.jersey.core.impl.provider.entity.StreamingOutputProvider 
2017-11-22 17:48:29,119 [main] INFO  c.s.j.c.s.c.ProviderServices -     Provider found: class com.sun.jersey.core.impl.provider.entity.SourceProvider$SourceWriter 
2017-11-22 17:48:30,023 [main] INFO  c.f.d.n.NotificationApplication - Started NotificationApplication in 44.13 seconds (JVM running for 45.051) 
2017-11-22 18:16:08,689 [http-nio-7078-exec-3] WARN  o.s.w.s.m.s.DefaultHandlerExceptionResolver - Failed to bind request element: org.springframework.web.method.annotation.MethodArgumentTypeMismatchException: Failed to convert value of type [java.lang.String] to required type [java.lang.Long]; nested exception is java.lang.NumberFormatException: For input string: "undefined" 
2017-11-22 18:16:08,689 [http-nio-7078-exec-1] WARN  o.s.w.s.m.s.DefaultHandlerExceptionResolver - Failed to bind request element: org.springframework.web.method.annotation.MethodArgumentTypeMismatchException: Failed to convert value of type [java.lang.String] to required type [java.lang.Long]; nested exception is java.lang.NumberFormatException: For input string: "undefined" 
2017-11-22 19:27:52,385 [background-preinit] DEBUG org.jboss.logging - Logging Provider: org.jboss.logging.Slf4jLoggerProvider found via system property 
2017-11-22 19:27:52,807 [main] INFO  c.f.d.n.NotificationApplication - The following profiles are active: prod 
2017-11-22 19:27:56,240 [main] WARN  o.s.c.a.ConfigurationClassPostProcessor - Cannot enhance @Configuration bean definition 'refreshScope' since its singleton instance has been created too early. The typical cause is a non-static @Bean method with a BeanDefinitionRegistryPostProcessor return type: Consider declaring such methods as 'static'. 
2017-11-22 19:28:00,588 [main] WARN  o.a.t.jdbc.pool.PooledConnection - Not loading a JDBC driver as driverClassName property is null. 
2017-11-22 19:28:01,088 [main] WARN  o.a.t.jdbc.pool.PooledConnection - Not loading a JDBC driver as driverClassName property is null. 
2017-11-22 19:28:01,198 [main] WARN  o.a.t.jdbc.pool.PooledConnection - Not loading a JDBC driver as driverClassName property is null. 
2017-11-22 19:28:01,213 [main] WARN  o.a.t.jdbc.pool.PooledConnection - Not loading a JDBC driver as driverClassName property is null. 
2017-11-22 19:28:01,260 [main] WARN  o.a.t.jdbc.pool.PooledConnection - Not loading a JDBC driver as driverClassName property is null. 
2017-11-22 19:28:01,291 [main] WARN  o.a.t.jdbc.pool.PooledConnection - Not loading a JDBC driver as driverClassName property is null. 
2017-11-22 19:28:01,338 [main] WARN  o.a.t.jdbc.pool.PooledConnection - Not loading a JDBC driver as driverClassName property is null. 
2017-11-22 19:28:01,369 [main] WARN  o.a.t.jdbc.pool.PooledConnection - Not loading a JDBC driver as driverClassName property is null. 
2017-11-22 19:28:01,385 [main] WARN  o.a.t.jdbc.pool.PooledConnection - Not loading a JDBC driver as driverClassName property is null. 
2017-11-22 19:28:01,432 [main] WARN  o.a.t.jdbc.pool.PooledConnection - Not loading a JDBC driver as driverClassName property is null. 
2017-11-22 19:28:19,854 [main] WARN  c.n.c.s.URLConfigurationSource - No URLs will be polled as dynamic configuration sources. 
2017-11-22 19:28:19,870 [main] WARN  c.n.c.s.URLConfigurationSource - No URLs will be polled as dynamic configuration sources. 
2017-11-22 19:28:20,918 [main] INFO  c.s.j.spi.service.ServiceFinder - Running in a non-OSGi environment 
2017-11-22 19:28:20,918 [main] INFO  c.s.j.c.s.c.ProviderServices - Searching for providers that implement: interface com.sun.jersey.client.proxy.ViewProxyProvider 
2017-11-22 19:28:20,934 [main] INFO  c.s.j.c.s.c.ProviderServices - Searching for providers that implement: interface com.sun.jersey.spi.inject.InjectableProvider 
2017-11-22 19:28:20,934 [main] INFO  c.s.j.c.s.c.ProviderServices -     Provider found: class com.sun.jersey.core.impl.provider.xml.SAXParserContextProvider 
2017-11-22 19:28:20,934 [main] INFO  c.s.j.c.s.c.ProviderServices -     Provider found: class com.sun.jersey.core.impl.provider.xml.XMLStreamReaderContextProvider 
2017-11-22 19:28:20,934 [main] INFO  c.s.j.c.s.c.ProviderServices -     Provider found: class com.sun.jersey.core.impl.provider.xml.DocumentBuilderFactoryProvider 
2017-11-22 19:28:20,934 [main] INFO  c.s.j.c.s.c.ProviderServices -     Provider found: class com.sun.jersey.core.impl.provider.xml.TransformerFactoryProvider 
2017-11-22 19:28:21,013 [main] INFO  c.s.j.c.s.c.ProviderServices - Searching for providers that implement: interface javax.ws.rs.ext.MessageBodyReader 
2017-11-22 19:28:21,028 [main] INFO  c.s.j.c.s.c.ProviderServices -     Provider found: class com.sun.jersey.core.impl.provider.entity.StringProvider 
2017-11-22 19:28:21,028 [main] INFO  c.s.j.c.s.c.ProviderServices -     Provider found: class com.sun.jersey.core.impl.provider.entity.ByteArrayProvider 
2017-11-22 19:28:21,028 [main] INFO  c.s.j.c.s.c.ProviderServices -     Provider found: class com.sun.jersey.core.impl.provider.entity.FileProvider 
2017-11-22 19:28:21,028 [main] INFO  c.s.j.c.s.c.ProviderServices -     Provider found: class com.sun.jersey.core.impl.provider.entity.InputStreamProvider 
2017-11-22 19:28:21,028 [main] INFO  c.s.j.c.s.c.ProviderServices -     Provider found: class com.sun.jersey.core.impl.provider.entity.DataSourceProvider 
2017-11-22 19:28:21,028 [main] INFO  c.s.j.c.s.c.ProviderServices -     Provider found: class com.sun.jersey.core.impl.provider.entity.RenderedImageProvider 
2017-11-22 19:28:21,028 [main] INFO  c.s.j.c.s.c.ProviderServices -     Provider found: class com.sun.jersey.core.impl.provider.entity.MimeMultipartProvider 
2017-11-22 19:28:21,028 [main] INFO  c.s.j.c.s.c.ProviderServices -     Provider found: class com.sun.jersey.core.impl.provider.entity.FormProvider 
2017-11-22 19:28:21,028 [main] INFO  c.s.j.c.s.c.ProviderServices -     Provider found: class com.sun.jersey.core.impl.provider.entity.FormMultivaluedMapProvider 
2017-11-22 19:28:21,028 [main] INFO  c.s.j.c.s.c.ProviderServices -     Provider found: class com.sun.jersey.core.impl.provider.entity.XMLRootElementProvider$App 
2017-11-22 19:28:21,028 [main] INFO  c.s.j.c.s.c.ProviderServices -     Provider found: class com.sun.jersey.core.impl.provider.entity.XMLRootElementProvider$Text 
2017-11-22 19:28:21,028 [main] INFO  c.s.j.c.s.c.ProviderServices -     Provider found: class com.sun.jersey.core.impl.provider.entity.XMLRootElementProvider$General 
2017-11-22 19:28:21,028 [main] INFO  c.s.j.c.s.c.ProviderServices -     Provider found: class com.sun.jersey.core.impl.provider.entity.XMLJAXBElementProvider$App 
2017-11-22 19:28:21,028 [main] INFO  c.s.j.c.s.c.ProviderServices -     Provider found: class com.sun.jersey.core.impl.provider.entity.XMLJAXBElementProvider$Text 
2017-11-22 19:28:21,028 [main] INFO  c.s.j.c.s.c.ProviderServices -     Provider found: class com.sun.jersey.core.impl.provider.entity.XMLJAXBElementProvider$General 
2017-11-22 19:28:21,028 [main] INFO  c.s.j.c.s.c.ProviderServices -     Provider found: class com.sun.jersey.core.impl.provider.entity.XMLListElementProvider$App 
2017-11-22 19:28:21,028 [main] INFO  c.s.j.c.s.c.ProviderServices -     Provider found: class com.sun.jersey.core.impl.provider.entity.XMLListElementProvider$Text 
2017-11-22 19:28:21,028 [main] INFO  c.s.j.c.s.c.ProviderServices -     Provider found: class com.sun.jersey.core.impl.provider.entity.XMLListElementProvider$General 
2017-11-22 19:28:21,028 [main] INFO  c.s.j.c.s.c.ProviderServices -     Provider found: class com.sun.jersey.core.impl.provider.entity.ReaderProvider 
2017-11-22 19:28:21,028 [main] INFO  c.s.j.c.s.c.ProviderServices -     Provider found: class com.sun.jersey.core.impl.provider.entity.DocumentProvider 
2017-11-22 19:28:21,028 [main] INFO  c.s.j.c.s.c.ProviderServices -     Provider found: class com.sun.jersey.core.impl.provider.entity.SourceProvider$StreamSourceReader 
2017-11-22 19:28:21,028 [main] INFO  c.s.j.c.s.c.ProviderServices -     Provider found: class com.sun.jersey.core.impl.provider.entity.SourceProvider$SAXSourceReader 
2017-11-22 19:28:21,028 [main] INFO  c.s.j.c.s.c.ProviderServices -     Provider found: class com.sun.jersey.core.impl.provider.entity.SourceProvider$DOMSourceReader 
2017-11-22 19:28:21,028 [main] INFO  c.s.j.c.s.c.ProviderServices -     Provider found: class com.sun.jersey.core.impl.provider.entity.XMLRootObjectProvider$App 
2017-11-22 19:28:21,028 [main] INFO  c.s.j.c.s.c.ProviderServices -     Provider found: class com.sun.jersey.core.impl.provider.entity.XMLRootObjectProvider$Text 
2017-11-22 19:28:21,028 [main] INFO  c.s.j.c.s.c.ProviderServices -     Provider found: class com.sun.jersey.core.impl.provider.entity.XMLRootObjectProvider$General 
2017-11-22 19:28:21,028 [main] INFO  c.s.j.c.s.c.ProviderServices -     Provider found: class com.sun.jersey.core.impl.provider.entity.EntityHolderReader 
2017-11-22 19:28:21,106 [main] INFO  c.s.j.c.s.c.ProviderServices - Searching for providers that implement: interface javax.ws.rs.ext.MessageBodyWriter 
2017-11-22 19:28:21,106 [main] INFO  c.s.j.c.s.c.ProviderServices -     Provider found: class com.sun.jersey.core.impl.provider.entity.StringProvider 
2017-11-22 19:28:21,106 [main] INFO  c.s.j.c.s.c.ProviderServices -     Provider found: class com.sun.jersey.core.impl.provider.entity.ByteArrayProvider 
2017-11-22 19:28:21,106 [main] INFO  c.s.j.c.s.c.ProviderServices -     Provider found: class com.sun.jersey.core.impl.provider.entity.FileProvider 
2017-11-22 19:28:21,106 [main] INFO  c.s.j.c.s.c.ProviderServices -     Provider found: class com.sun.jersey.core.impl.provider.entity.InputStreamProvider 
2017-11-22 19:28:21,106 [main] INFO  c.s.j.c.s.c.ProviderServices -     Provider found: class com.sun.jersey.core.impl.provider.entity.DataSourceProvider 
2017-11-22 19:28:21,106 [main] INFO  c.s.j.c.s.c.ProviderServices -     Provider found: class com.sun.jersey.core.impl.provider.entity.RenderedImageProvider 
2017-11-22 19:28:21,106 [main] INFO  c.s.j.c.s.c.ProviderServices -     Provider found: class com.sun.jersey.core.impl.provider.entity.MimeMultipartProvider 
2017-11-22 19:28:21,106 [main] INFO  c.s.j.c.s.c.ProviderServices -     Provider found: class com.sun.jersey.core.impl.provider.entity.FormProvider 
2017-11-22 19:28:21,106 [main] INFO  c.s.j.c.s.c.ProviderServices -     Provider found: class com.sun.jersey.core.impl.provider.entity.FormMultivaluedMapProvider 
2017-11-22 19:28:21,106 [main] INFO  c.s.j.c.s.c.ProviderServices -     Provider found: class com.sun.jersey.core.impl.provider.entity.XMLRootElementProvider$App 
2017-11-22 19:28:21,106 [main] INFO  c.s.j.c.s.c.ProviderServices -     Provider found: class com.sun.jersey.core.impl.provider.entity.XMLRootElementProvider$Text 
2017-11-22 19:28:21,106 [main] INFO  c.s.j.c.s.c.ProviderServices -     Provider found: class com.sun.jersey.core.impl.provider.entity.XMLRootElementProvider$General 
2017-11-22 19:28:21,106 [main] INFO  c.s.j.c.s.c.ProviderServices -     Provider found: class com.sun.jersey.core.impl.provider.entity.XMLJAXBElementProvider$App 
2017-11-22 19:28:21,106 [main] INFO  c.s.j.c.s.c.ProviderServices -     Provider found: class com.sun.jersey.core.impl.provider.entity.XMLJAXBElementProvider$Text 
2017-11-22 19:28:21,106 [main] INFO  c.s.j.c.s.c.ProviderServices -     Provider found: class com.sun.jersey.core.impl.provider.entity.XMLJAXBElementProvider$General 
2017-11-22 19:28:21,106 [main] INFO  c.s.j.c.s.c.ProviderServices -     Provider found: class com.sun.jersey.core.impl.provider.entity.XMLListElementProvider$App 
2017-11-22 19:28:21,106 [main] INFO  c.s.j.c.s.c.ProviderServices -     Provider found: class com.sun.jersey.core.impl.provider.entity.XMLListElementProvider$Text 
2017-11-22 19:28:21,106 [main] INFO  c.s.j.c.s.c.ProviderServices -     Provider found: class com.sun.jersey.core.impl.provider.entity.XMLListElementProvider$General 
2017-11-22 19:28:21,106 [main] INFO  c.s.j.c.s.c.ProviderServices -     Provider found: class com.sun.jersey.core.impl.provider.entity.ReaderProvider 
2017-11-22 19:28:21,106 [main] INFO  c.s.j.c.s.c.ProviderServices -     Provider found: class com.sun.jersey.core.impl.provider.entity.DocumentProvider 
2017-11-22 19:28:21,106 [main] INFO  c.s.j.c.s.c.ProviderServices -     Provider found: class com.sun.jersey.core.impl.provider.entity.StreamingOutputProvider 
2017-11-22 19:28:21,106 [main] INFO  c.s.j.c.s.c.ProviderServices -     Provider found: class com.sun.jersey.core.impl.provider.entity.SourceProvider$SourceWriter 
2017-11-22 19:28:21,840 [main] INFO  c.f.d.n.NotificationApplication - Started NotificationApplication in 30.657 seconds (JVM running for 32.2) 
2017-11-22 19:29:30,833 [http-nio-7078-exec-1] WARN  o.s.w.s.m.s.DefaultHandlerExceptionResolver - Failed to bind request element: org.springframework.web.method.annotation.MethodArgumentTypeMismatchException: Failed to convert value of type [java.lang.String] to required type [java.lang.Long]; nested exception is java.lang.NumberFormatException: For input string: "undefined" 
2017-11-22 19:29:38,306 [http-nio-7078-exec-2] WARN  o.s.w.s.m.s.DefaultHandlerExceptionResolver - Failed to bind request element: org.springframework.web.method.annotation.MethodArgumentTypeMismatchException: Failed to convert value of type [java.lang.String] to required type [java.lang.Long]; nested exception is java.lang.NumberFormatException: For input string: "undefined" 
2017-11-22 19:29:48,306 [http-nio-7078-exec-3] WARN  o.s.w.s.m.s.DefaultHandlerExceptionResolver - Failed to bind request element: org.springframework.web.method.annotation.MethodArgumentTypeMismatchException: Failed to convert value of type [java.lang.String] to required type [java.lang.Long]; nested exception is java.lang.NumberFormatException: For input string: "undefined" 
2017-11-22 19:29:58,331 [http-nio-7078-exec-4] WARN  o.s.w.s.m.s.DefaultHandlerExceptionResolver - Failed to bind request element: org.springframework.web.method.annotation.MethodArgumentTypeMismatchException: Failed to convert value of type [java.lang.String] to required type [java.lang.Long]; nested exception is java.lang.NumberFormatException: For input string: "undefined" 
2017-11-22 19:30:08,300 [http-nio-7078-exec-5] WARN  o.s.w.s.m.s.DefaultHandlerExceptionResolver - Failed to bind request element: org.springframework.web.method.annotation.MethodArgumentTypeMismatchException: Failed to convert value of type [java.lang.String] to required type [java.lang.Long]; nested exception is java.lang.NumberFormatException: For input string: "undefined" 
2017-11-22 19:30:33,802 [http-nio-7078-exec-6] WARN  o.s.w.s.m.s.DefaultHandlerExceptionResolver - Failed to bind request element: org.springframework.web.method.annotation.MethodArgumentTypeMismatchException: Failed to convert value of type [java.lang.String] to required type [java.lang.Long]; nested exception is java.lang.NumberFormatException: For input string: "undefined" 
2017-11-22 19:30:43,783 [http-nio-7078-exec-7] WARN  o.s.w.s.m.s.DefaultHandlerExceptionResolver - Failed to bind request element: org.springframework.web.method.annotation.MethodArgumentTypeMismatchException: Failed to convert value of type [java.lang.String] to required type [java.lang.Long]; nested exception is java.lang.NumberFormatException: For input string: "undefined" 
2017-11-22 19:30:53,774 [http-nio-7078-exec-8] WARN  o.s.w.s.m.s.DefaultHandlerExceptionResolver - Failed to bind request element: org.springframework.web.method.annotation.MethodArgumentTypeMismatchException: Failed to convert value of type [java.lang.String] to required type [java.lang.Long]; nested exception is java.lang.NumberFormatException: For input string: "undefined" 
2017-11-22 19:31:03,769 [http-nio-7078-exec-9] WARN  o.s.w.s.m.s.DefaultHandlerExceptionResolver - Failed to bind request element: org.springframework.web.method.annotation.MethodArgumentTypeMismatchException: Failed to convert value of type [java.lang.String] to required type [java.lang.Long]; nested exception is java.lang.NumberFormatException: For input string: "undefined" 
2017-11-22 19:31:13,767 [http-nio-7078-exec-10] WARN  o.s.w.s.m.s.DefaultHandlerExceptionResolver - Failed to bind request element: org.springframework.web.method.annotation.MethodArgumentTypeMismatchException: Failed to convert value of type [java.lang.String] to required type [java.lang.Long]; nested exception is java.lang.NumberFormatException: For input string: "undefined" 
2017-11-22 19:31:23,809 [http-nio-7078-exec-1] WARN  o.s.w.s.m.s.DefaultHandlerExceptionResolver - Failed to bind request element: org.springframework.web.method.annotation.MethodArgumentTypeMismatchException: Failed to convert value of type [java.lang.String] to required type [java.lang.Long]; nested exception is java.lang.NumberFormatException: For input string: "undefined" 
2017-11-22 19:31:33,780 [http-nio-7078-exec-2] WARN  o.s.w.s.m.s.DefaultHandlerExceptionResolver - Failed to bind request element: org.springframework.web.method.annotation.MethodArgumentTypeMismatchException: Failed to convert value of type [java.lang.String] to required type [java.lang.Long]; nested exception is java.lang.NumberFormatException: For input string: "undefined" 
2017-11-22 19:31:43,810 [http-nio-7078-exec-3] WARN  o.s.w.s.m.s.DefaultHandlerExceptionResolver - Failed to bind request element: org.springframework.web.method.annotation.MethodArgumentTypeMismatchException: Failed to convert value of type [java.lang.String] to required type [java.lang.Long]; nested exception is java.lang.NumberFormatException: For input string: "undefined" 
2017-11-22 19:31:53,777 [http-nio-7078-exec-4] WARN  o.s.w.s.m.s.DefaultHandlerExceptionResolver - Failed to bind request element: org.springframework.web.method.annotation.MethodArgumentTypeMismatchException: Failed to convert value of type [java.lang.String] to required type [java.lang.Long]; nested exception is java.lang.NumberFormatException: For input string: "undefined" 
2017-11-22 19:32:03,798 [http-nio-7078-exec-5] WARN  o.s.w.s.m.s.DefaultHandlerExceptionResolver - Failed to bind request element: org.springframework.web.method.annotation.MethodArgumentTypeMismatchException: Failed to convert value of type [java.lang.String] to required type [java.lang.Long]; nested exception is java.lang.NumberFormatException: For input string: "undefined" 
2017-11-22 19:32:13,811 [http-nio-7078-exec-6] WARN  o.s.w.s.m.s.DefaultHandlerExceptionResolver - Failed to bind request element: org.springframework.web.method.annotation.MethodArgumentTypeMismatchException: Failed to convert value of type [java.lang.String] to required type [java.lang.Long]; nested exception is java.lang.NumberFormatException: For input string: "undefined" 
2017-11-22 19:32:23,788 [http-nio-7078-exec-7] WARN  o.s.w.s.m.s.DefaultHandlerExceptionResolver - Failed to bind request element: org.springframework.web.method.annotation.MethodArgumentTypeMismatchException: Failed to convert value of type [java.lang.String] to required type [java.lang.Long]; nested exception is java.lang.NumberFormatException: For input string: "undefined" 
2017-11-22 19:32:33,783 [http-nio-7078-exec-8] WARN  o.s.w.s.m.s.DefaultHandlerExceptionResolver - Failed to bind request element: org.springframework.web.method.annotation.MethodArgumentTypeMismatchException: Failed to convert value of type [java.lang.String] to required type [java.lang.Long]; nested exception is java.lang.NumberFormatException: For input string: "undefined" 
2017-11-22 19:32:43,796 [http-nio-7078-exec-9] WARN  o.s.w.s.m.s.DefaultHandlerExceptionResolver - Failed to bind request element: org.springframework.web.method.annotation.MethodArgumentTypeMismatchException: Failed to convert value of type [java.lang.String] to required type [java.lang.Long]; nested exception is java.lang.NumberFormatException: For input string: "undefined" 
2017-11-22 19:32:53,782 [http-nio-7078-exec-10] WARN  o.s.w.s.m.s.DefaultHandlerExceptionResolver - Failed to bind request element: org.springframework.web.method.annotation.MethodArgumentTypeMismatchException: Failed to convert value of type [java.lang.String] to required type [java.lang.Long]; nested exception is java.lang.NumberFormatException: For input string: "undefined" 
2017-11-22 19:33:03,790 [http-nio-7078-exec-1] WARN  o.s.w.s.m.s.DefaultHandlerExceptionResolver - Failed to bind request element: org.springframework.web.method.annotation.MethodArgumentTypeMismatchException: Failed to convert value of type [java.lang.String] to required type [java.lang.Long]; nested exception is java.lang.NumberFormatException: For input string: "undefined" 
2017-11-22 19:33:13,801 [http-nio-7078-exec-2] WARN  o.s.w.s.m.s.DefaultHandlerExceptionResolver - Failed to bind request element: org.springframework.web.method.annotation.MethodArgumentTypeMismatchException: Failed to convert value of type [java.lang.String] to required type [java.lang.Long]; nested exception is java.lang.NumberFormatException: For input string: "undefined" 
2017-11-22 19:33:23,805 [http-nio-7078-exec-3] WARN  o.s.w.s.m.s.DefaultHandlerExceptionResolver - Failed to bind request element: org.springframework.web.method.annotation.MethodArgumentTypeMismatchException: Failed to convert value of type [java.lang.String] to required type [java.lang.Long]; nested exception is java.lang.NumberFormatException: For input string: "undefined" 
2017-11-22 19:33:33,785 [http-nio-7078-exec-4] WARN  o.s.w.s.m.s.DefaultHandlerExceptionResolver - Failed to bind request element: org.springframework.web.method.annotation.MethodArgumentTypeMismatchException: Failed to convert value of type [java.lang.String] to required type [java.lang.Long]; nested exception is java.lang.NumberFormatException: For input string: "undefined" 
2017-11-22 19:33:43,784 [http-nio-7078-exec-5] WARN  o.s.w.s.m.s.DefaultHandlerExceptionResolver - Failed to bind request element: org.springframework.web.method.annotation.MethodArgumentTypeMismatchException: Failed to convert value of type [java.lang.String] to required type [java.lang.Long]; nested exception is java.lang.NumberFormatException: For input string: "undefined" 
2017-11-22 19:33:53,784 [http-nio-7078-exec-6] WARN  o.s.w.s.m.s.DefaultHandlerExceptionResolver - Failed to bind request element: org.springframework.web.method.annotation.MethodArgumentTypeMismatchException: Failed to convert value of type [java.lang.String] to required type [java.lang.Long]; nested exception is java.lang.NumberFormatException: For input string: "undefined" 
2017-11-22 19:34:03,804 [http-nio-7078-exec-7] WARN  o.s.w.s.m.s.DefaultHandlerExceptionResolver - Failed to bind request element: org.springframework.web.method.annotation.MethodArgumentTypeMismatchException: Failed to convert value of type [java.lang.String] to required type [java.lang.Long]; nested exception is java.lang.NumberFormatException: For input string: "undefined" 
2017-11-22 19:34:13,800 [http-nio-7078-exec-8] WARN  o.s.w.s.m.s.DefaultHandlerExceptionResolver - Failed to bind request element: org.springframework.web.method.annotation.MethodArgumentTypeMismatchException: Failed to convert value of type [java.lang.String] to required type [java.lang.Long]; nested exception is java.lang.NumberFormatException: For input string: "undefined" 
2017-11-22 19:34:23,806 [http-nio-7078-exec-9] WARN  o.s.w.s.m.s.DefaultHandlerExceptionResolver - Failed to bind request element: org.springframework.web.method.annotation.MethodArgumentTypeMismatchException: Failed to convert value of type [java.lang.String] to required type [java.lang.Long]; nested exception is java.lang.NumberFormatException: For input string: "undefined" 
2017-11-22 19:34:33,789 [http-nio-7078-exec-10] WARN  o.s.w.s.m.s.DefaultHandlerExceptionResolver - Failed to bind request element: org.springframework.web.method.annotation.MethodArgumentTypeMismatchException: Failed to convert value of type [java.lang.String] to required type [java.lang.Long]; nested exception is java.lang.NumberFormatException: For input string: "undefined" 
2017-11-22 19:34:43,787 [http-nio-7078-exec-1] WARN  o.s.w.s.m.s.DefaultHandlerExceptionResolver - Failed to bind request element: org.springframework.web.method.annotation.MethodArgumentTypeMismatchException: Failed to convert value of type [java.lang.String] to required type [java.lang.Long]; nested exception is java.lang.NumberFormatException: For input string: "undefined" 
2017-11-22 19:34:53,803 [http-nio-7078-exec-2] WARN  o.s.w.s.m.s.DefaultHandlerExceptionResolver - Failed to bind request element: org.springframework.web.method.annotation.MethodArgumentTypeMismatchException: Failed to convert value of type [java.lang.String] to required type [java.lang.Long]; nested exception is java.lang.NumberFormatException: For input string: "undefined" 
2017-11-22 19:35:03,790 [http-nio-7078-exec-3] WARN  o.s.w.s.m.s.DefaultHandlerExceptionResolver - Failed to bind request element: org.springframework.web.method.annotation.MethodArgumentTypeMismatchException: Failed to convert value of type [java.lang.String] to required type [java.lang.Long]; nested exception is java.lang.NumberFormatException: For input string: "undefined" 
2017-11-22 19:35:13,792 [http-nio-7078-exec-4] WARN  o.s.w.s.m.s.DefaultHandlerExceptionResolver - Failed to bind request element: org.springframework.web.method.annotation.MethodArgumentTypeMismatchException: Failed to convert value of type [java.lang.String] to required type [java.lang.Long]; nested exception is java.lang.NumberFormatException: For input string: "undefined" 
2017-11-22 19:35:23,806 [http-nio-7078-exec-5] WARN  o.s.w.s.m.s.DefaultHandlerExceptionResolver - Failed to bind request element: org.springframework.web.method.annotation.MethodArgumentTypeMismatchException: Failed to convert value of type [java.lang.String] to required type [java.lang.Long]; nested exception is java.lang.NumberFormatException: For input string: "undefined" 
2017-11-22 19:35:33,803 [http-nio-7078-exec-6] WARN  o.s.w.s.m.s.DefaultHandlerExceptionResolver - Failed to bind request element: org.springframework.web.method.annotation.MethodArgumentTypeMismatchException: Failed to convert value of type [java.lang.String] to required type [java.lang.Long]; nested exception is java.lang.NumberFormatException: For input string: "undefined" 
2017-11-22 19:35:43,817 [http-nio-7078-exec-7] WARN  o.s.w.s.m.s.DefaultHandlerExceptionResolver - Failed to bind request element: org.springframework.web.method.annotation.MethodArgumentTypeMismatchException: Failed to convert value of type [java.lang.String] to required type [java.lang.Long]; nested exception is java.lang.NumberFormatException: For input string: "undefined" 
2017-11-22 19:35:53,791 [http-nio-7078-exec-8] WARN  o.s.w.s.m.s.DefaultHandlerExceptionResolver - Failed to bind request element: org.springframework.web.method.annotation.MethodArgumentTypeMismatchException: Failed to convert value of type [java.lang.String] to required type [java.lang.Long]; nested exception is java.lang.NumberFormatException: For input string: "undefined" 
2017-11-22 19:36:03,799 [http-nio-7078-exec-9] WARN  o.s.w.s.m.s.DefaultHandlerExceptionResolver - Failed to bind request element: org.springframework.web.method.annotation.MethodArgumentTypeMismatchException: Failed to convert value of type [java.lang.String] to required type [java.lang.Long]; nested exception is java.lang.NumberFormatException: For input string: "undefined" 
2017-11-22 19:36:13,814 [http-nio-7078-exec-10] WARN  o.s.w.s.m.s.DefaultHandlerExceptionResolver - Failed to bind request element: org.springframework.web.method.annotation.MethodArgumentTypeMismatchException: Failed to convert value of type [java.lang.String] to required type [java.lang.Long]; nested exception is java.lang.NumberFormatException: For input string: "undefined" 
2017-11-22 19:36:23,807 [http-nio-7078-exec-1] WARN  o.s.w.s.m.s.DefaultHandlerExceptionResolver - Failed to bind request element: org.springframework.web.method.annotation.MethodArgumentTypeMismatchException: Failed to convert value of type [java.lang.String] to required type [java.lang.Long]; nested exception is java.lang.NumberFormatException: For input string: "undefined" 
2017-11-22 19:36:33,804 [http-nio-7078-exec-2] WARN  o.s.w.s.m.s.DefaultHandlerExceptionResolver - Failed to bind request element: org.springframework.web.method.annotation.MethodArgumentTypeMismatchException: Failed to convert value of type [java.lang.String] to required type [java.lang.Long]; nested exception is java.lang.NumberFormatException: For input string: "undefined" 
2017-11-22 19:36:43,832 [http-nio-7078-exec-3] WARN  o.s.w.s.m.s.DefaultHandlerExceptionResolver - Failed to bind request element: org.springframework.web.method.annotation.MethodArgumentTypeMismatchException: Failed to convert value of type [java.lang.String] to required type [java.lang.Long]; nested exception is java.lang.NumberFormatException: For input string: "undefined" 
2017-11-22 19:36:53,809 [http-nio-7078-exec-4] WARN  o.s.w.s.m.s.DefaultHandlerExceptionResolver - Failed to bind request element: org.springframework.web.method.annotation.MethodArgumentTypeMismatchException: Failed to convert value of type [java.lang.String] to required type [java.lang.Long]; nested exception is java.lang.NumberFormatException: For input string: "undefined" 
2017-11-22 19:37:03,809 [http-nio-7078-exec-5] WARN  o.s.w.s.m.s.DefaultHandlerExceptionResolver - Failed to bind request element: org.springframework.web.method.annotation.MethodArgumentTypeMismatchException: Failed to convert value of type [java.lang.String] to required type [java.lang.Long]; nested exception is java.lang.NumberFormatException: For input string: "undefined" 
2017-11-22 19:37:13,826 [http-nio-7078-exec-6] WARN  o.s.w.s.m.s.DefaultHandlerExceptionResolver - Failed to bind request element: org.springframework.web.method.annotation.MethodArgumentTypeMismatchException: Failed to convert value of type [java.lang.String] to required type [java.lang.Long]; nested exception is java.lang.NumberFormatException: For input string: "undefined" 
2017-11-22 19:37:23,811 [http-nio-7078-exec-7] WARN  o.s.w.s.m.s.DefaultHandlerExceptionResolver - Failed to bind request element: org.springframework.web.method.annotation.MethodArgumentTypeMismatchException: Failed to convert value of type [java.lang.String] to required type [java.lang.Long]; nested exception is java.lang.NumberFormatException: For input string: "undefined" 
2017-11-22 19:37:33,811 [http-nio-7078-exec-8] WARN  o.s.w.s.m.s.DefaultHandlerExceptionResolver - Failed to bind request element: org.springframework.web.method.annotation.MethodArgumentTypeMismatchException: Failed to convert value of type [java.lang.String] to required type [java.lang.Long]; nested exception is java.lang.NumberFormatException: For input string: "undefined" 
2017-11-22 19:37:43,813 [http-nio-7078-exec-9] WARN  o.s.w.s.m.s.DefaultHandlerExceptionResolver - Failed to bind request element: org.springframework.web.method.annotation.MethodArgumentTypeMismatchException: Failed to convert value of type [java.lang.String] to required type [java.lang.Long]; nested exception is java.lang.NumberFormatException: For input string: "undefined" 
2017-11-22 19:37:53,819 [http-nio-7078-exec-10] WARN  o.s.w.s.m.s.DefaultHandlerExceptionResolver - Failed to bind request element: org.springframework.web.method.annotation.MethodArgumentTypeMismatchException: Failed to convert value of type [java.lang.String] to required type [java.lang.Long]; nested exception is java.lang.NumberFormatException: For input string: "undefined" 
2017-11-22 19:38:03,810 [http-nio-7078-exec-1] WARN  o.s.w.s.m.s.DefaultHandlerExceptionResolver - Failed to bind request element: org.springframework.web.method.annotation.MethodArgumentTypeMismatchException: Failed to convert value of type [java.lang.String] to required type [java.lang.Long]; nested exception is java.lang.NumberFormatException: For input string: "undefined" 
2017-11-22 19:38:14,364 [http-nio-7078-exec-2] WARN  o.s.w.s.m.s.DefaultHandlerExceptionResolver - Failed to bind request element: org.springframework.web.method.annotation.MethodArgumentTypeMismatchException: Failed to convert value of type [java.lang.String] to required type [java.lang.Long]; nested exception is java.lang.NumberFormatException: For input string: "undefined" 
2017-11-22 19:38:23,808 [http-nio-7078-exec-3] WARN  o.s.w.s.m.s.DefaultHandlerExceptionResolver - Failed to bind request element: org.springframework.web.method.annotation.MethodArgumentTypeMismatchException: Failed to convert value of type [java.lang.String] to required type [java.lang.Long]; nested exception is java.lang.NumberFormatException: For input string: "undefined" 
2017-11-22 19:39:04,311 [http-nio-7078-exec-4] WARN  o.s.w.s.m.s.DefaultHandlerExceptionResolver - Failed to bind request element: org.springframework.web.method.annotation.MethodArgumentTypeMismatchException: Failed to convert value of type [java.lang.String] to required type [java.lang.Long]; nested exception is java.lang.NumberFormatException: For input string: "undefined" 
2017-11-22 19:39:04,437 [http-nio-7078-exec-5] WARN  o.s.w.s.m.s.DefaultHandlerExceptionResolver - Failed to bind request element: org.springframework.web.method.annotation.MethodArgumentTypeMismatchException: Failed to convert value of type [java.lang.String] to required type [java.lang.Long]; nested exception is java.lang.NumberFormatException: For input string: "undefined" 
2017-11-22 19:39:13,820 [http-nio-7078-exec-6] WARN  o.s.w.s.m.s.DefaultHandlerExceptionResolver - Failed to bind request element: org.springframework.web.method.annotation.MethodArgumentTypeMismatchException: Failed to convert value of type [java.lang.String] to required type [java.lang.Long]; nested exception is java.lang.NumberFormatException: For input string: "undefined" 
2017-11-22 19:39:23,812 [http-nio-7078-exec-7] WARN  o.s.w.s.m.s.DefaultHandlerExceptionResolver - Failed to bind request element: org.springframework.web.method.annotation.MethodArgumentTypeMismatchException: Failed to convert value of type [java.lang.String] to required type [java.lang.Long]; nested exception is java.lang.NumberFormatException: For input string: "undefined" 
2017-11-22 19:39:33,816 [http-nio-7078-exec-8] WARN  o.s.w.s.m.s.DefaultHandlerExceptionResolver - Failed to bind request element: org.springframework.web.method.annotation.MethodArgumentTypeMismatchException: Failed to convert value of type [java.lang.String] to required type [java.lang.Long]; nested exception is java.lang.NumberFormatException: For input string: "undefined" 
2017-11-22 19:39:43,827 [http-nio-7078-exec-9] WARN  o.s.w.s.m.s.DefaultHandlerExceptionResolver - Failed to bind request element: org.springframework.web.method.annotation.MethodArgumentTypeMismatchException: Failed to convert value of type [java.lang.String] to required type [java.lang.Long]; nested exception is java.lang.NumberFormatException: For input string: "undefined" 
2017-11-22 19:40:03,274 [http-nio-7078-exec-10] WARN  o.s.w.s.m.s.DefaultHandlerExceptionResolver - Failed to bind request element: org.springframework.web.method.annotation.MethodArgumentTypeMismatchException: Failed to convert value of type [java.lang.String] to required type [java.lang.Long]; nested exception is java.lang.NumberFormatException: For input string: "undefined" 
2017-11-22 19:40:13,233 [http-nio-7078-exec-1] WARN  o.s.w.s.m.s.DefaultHandlerExceptionResolver - Failed to bind request element: org.springframework.web.method.annotation.MethodArgumentTypeMismatchException: Failed to convert value of type [java.lang.String] to required type [java.lang.Long]; nested exception is java.lang.NumberFormatException: For input string: "undefined" 
2017-11-22 19:40:23,229 [http-nio-7078-exec-2] WARN  o.s.w.s.m.s.DefaultHandlerExceptionResolver - Failed to bind request element: org.springframework.web.method.annotation.MethodArgumentTypeMismatchException: Failed to convert value of type [java.lang.String] to required type [java.lang.Long]; nested exception is java.lang.NumberFormatException: For input string: "undefined" 
2017-11-22 19:40:33,239 [http-nio-7078-exec-3] WARN  o.s.w.s.m.s.DefaultHandlerExceptionResolver - Failed to bind request element: org.springframework.web.method.annotation.MethodArgumentTypeMismatchException: Failed to convert value of type [java.lang.String] to required type [java.lang.Long]; nested exception is java.lang.NumberFormatException: For input string: "undefined" 
2017-11-22 19:40:43,238 [http-nio-7078-exec-4] WARN  o.s.w.s.m.s.DefaultHandlerExceptionResolver - Failed to bind request element: org.springframework.web.method.annotation.MethodArgumentTypeMismatchException: Failed to convert value of type [java.lang.String] to required type [java.lang.Long]; nested exception is java.lang.NumberFormatException: For input string: "undefined" 
2017-11-22 19:40:53,211 [http-nio-7078-exec-5] WARN  o.s.w.s.m.s.DefaultHandlerExceptionResolver - Failed to bind request element: org.springframework.web.method.annotation.MethodArgumentTypeMismatchException: Failed to convert value of type [java.lang.String] to required type [java.lang.Long]; nested exception is java.lang.NumberFormatException: For input string: "undefined" 
2017-11-22 19:41:03,244 [http-nio-7078-exec-6] WARN  o.s.w.s.m.s.DefaultHandlerExceptionResolver - Failed to bind request element: org.springframework.web.method.annotation.MethodArgumentTypeMismatchException: Failed to convert value of type [java.lang.String] to required type [java.lang.Long]; nested exception is java.lang.NumberFormatException: For input string: "undefined" 
2017-11-22 19:41:13,244 [http-nio-7078-exec-7] WARN  o.s.w.s.m.s.DefaultHandlerExceptionResolver - Failed to bind request element: org.springframework.web.method.annotation.MethodArgumentTypeMismatchException: Failed to convert value of type [java.lang.String] to required type [java.lang.Long]; nested exception is java.lang.NumberFormatException: For input string: "undefined" 
2017-11-22 19:41:23,245 [http-nio-7078-exec-8] WARN  o.s.w.s.m.s.DefaultHandlerExceptionResolver - Failed to bind request element: org.springframework.web.method.annotation.MethodArgumentTypeMismatchException: Failed to convert value of type [java.lang.String] to required type [java.lang.Long]; nested exception is java.lang.NumberFormatException: For input string: "undefined" 
2017-11-22 19:41:33,246 [http-nio-7078-exec-9] WARN  o.s.w.s.m.s.DefaultHandlerExceptionResolver - Failed to bind request element: org.springframework.web.method.annotation.MethodArgumentTypeMismatchException: Failed to convert value of type [java.lang.String] to required type [java.lang.Long]; nested exception is java.lang.NumberFormatException: For input string: "undefined" 
2017-11-22 19:41:43,239 [http-nio-7078-exec-10] WARN  o.s.w.s.m.s.DefaultHandlerExceptionResolver - Failed to bind request element: org.springframework.web.method.annotation.MethodArgumentTypeMismatchException: Failed to convert value of type [java.lang.String] to required type [java.lang.Long]; nested exception is java.lang.NumberFormatException: For input string: "undefined" 
2017-11-22 19:41:53,239 [http-nio-7078-exec-1] WARN  o.s.w.s.m.s.DefaultHandlerExceptionResolver - Failed to bind request element: org.springframework.web.method.annotation.MethodArgumentTypeMismatchException: Failed to convert value of type [java.lang.String] to required type [java.lang.Long]; nested exception is java.lang.NumberFormatException: For input string: "undefined" 
2017-11-22 19:42:03,247 [http-nio-7078-exec-2] WARN  o.s.w.s.m.s.DefaultHandlerExceptionResolver - Failed to bind request element: org.springframework.web.method.annotation.MethodArgumentTypeMismatchException: Failed to convert value of type [java.lang.String] to required type [java.lang.Long]; nested exception is java.lang.NumberFormatException: For input string: "undefined" 
2017-11-22 19:42:13,263 [http-nio-7078-exec-3] WARN  o.s.w.s.m.s.DefaultHandlerExceptionResolver - Failed to bind request element: org.springframework.web.method.annotation.MethodArgumentTypeMismatchException: Failed to convert value of type [java.lang.String] to required type [java.lang.Long]; nested exception is java.lang.NumberFormatException: For input string: "undefined" 
2017-11-22 19:42:23,263 [http-nio-7078-exec-4] WARN  o.s.w.s.m.s.DefaultHandlerExceptionResolver - Failed to bind request element: org.springframework.web.method.annotation.MethodArgumentTypeMismatchException: Failed to convert value of type [java.lang.String] to required type [java.lang.Long]; nested exception is java.lang.NumberFormatException: For input string: "undefined" 
2017-11-22 19:42:33,248 [http-nio-7078-exec-5] WARN  o.s.w.s.m.s.DefaultHandlerExceptionResolver - Failed to bind request element: org.springframework.web.method.annotation.MethodArgumentTypeMismatchException: Failed to convert value of type [java.lang.String] to required type [java.lang.Long]; nested exception is java.lang.NumberFormatException: For input string: "undefined" 
2017-11-22 19:42:43,251 [http-nio-7078-exec-6] WARN  o.s.w.s.m.s.DefaultHandlerExceptionResolver - Failed to bind request element: org.springframework.web.method.annotation.MethodArgumentTypeMismatchException: Failed to convert value of type [java.lang.String] to required type [java.lang.Long]; nested exception is java.lang.NumberFormatException: For input string: "undefined" 
2017-11-22 19:42:53,248 [http-nio-7078-exec-7] WARN  o.s.w.s.m.s.DefaultHandlerExceptionResolver - Failed to bind request element: org.springframework.web.method.annotation.MethodArgumentTypeMismatchException: Failed to convert value of type [java.lang.String] to required type [java.lang.Long]; nested exception is java.lang.NumberFormatException: For input string: "undefined" 
2017-11-22 19:43:03,248 [http-nio-7078-exec-8] WARN  o.s.w.s.m.s.DefaultHandlerExceptionResolver - Failed to bind request element: org.springframework.web.method.annotation.MethodArgumentTypeMismatchException: Failed to convert value of type [java.lang.String] to required type [java.lang.Long]; nested exception is java.lang.NumberFormatException: For input string: "undefined" 
2017-11-22 19:43:13,704 [http-nio-7078-exec-9] WARN  o.s.w.s.m.s.DefaultHandlerExceptionResolver - Failed to bind request element: org.springframework.web.method.annotation.MethodArgumentTypeMismatchException: Failed to convert value of type [java.lang.String] to required type [java.lang.Long]; nested exception is java.lang.NumberFormatException: For input string: "undefined" 
2017-11-22 19:43:23,269 [http-nio-7078-exec-10] WARN  o.s.w.s.m.s.DefaultHandlerExceptionResolver - Failed to bind request element: org.springframework.web.method.annotation.MethodArgumentTypeMismatchException: Failed to convert value of type [java.lang.String] to required type [java.lang.Long]; nested exception is java.lang.NumberFormatException: For input string: "undefined" 
2017-11-22 19:43:33,265 [http-nio-7078-exec-1] WARN  o.s.w.s.m.s.DefaultHandlerExceptionResolver - Failed to bind request element: org.springframework.web.method.annotation.MethodArgumentTypeMismatchException: Failed to convert value of type [java.lang.String] to required type [java.lang.Long]; nested exception is java.lang.NumberFormatException: For input string: "undefined" 
2017-11-22 19:43:43,265 [http-nio-7078-exec-2] WARN  o.s.w.s.m.s.DefaultHandlerExceptionResolver - Failed to bind request element: org.springframework.web.method.annotation.MethodArgumentTypeMismatchException: Failed to convert value of type [java.lang.String] to required type [java.lang.Long]; nested exception is java.lang.NumberFormatException: For input string: "undefined" 
2017-11-22 19:43:53,268 [http-nio-7078-exec-3] WARN  o.s.w.s.m.s.DefaultHandlerExceptionResolver - Failed to bind request element: org.springframework.web.method.annotation.MethodArgumentTypeMismatchException: Failed to convert value of type [java.lang.String] to required type [java.lang.Long]; nested exception is java.lang.NumberFormatException: For input string: "undefined" 
2017-11-22 19:44:03,268 [http-nio-7078-exec-4] WARN  o.s.w.s.m.s.DefaultHandlerExceptionResolver - Failed to bind request element: org.springframework.web.method.annotation.MethodArgumentTypeMismatchException: Failed to convert value of type [java.lang.String] to required type [java.lang.Long]; nested exception is java.lang.NumberFormatException: For input string: "undefined" 
2017-11-22 19:44:13,267 [http-nio-7078-exec-5] WARN  o.s.w.s.m.s.DefaultHandlerExceptionResolver - Failed to bind request element: org.springframework.web.method.annotation.MethodArgumentTypeMismatchException: Failed to convert value of type [java.lang.String] to required type [java.lang.Long]; nested exception is java.lang.NumberFormatException: For input string: "undefined" 
2017-11-22 19:44:23,249 [http-nio-7078-exec-6] WARN  o.s.w.s.m.s.DefaultHandlerExceptionResolver - Failed to bind request element: org.springframework.web.method.annotation.MethodArgumentTypeMismatchException: Failed to convert value of type [java.lang.String] to required type [java.lang.Long]; nested exception is java.lang.NumberFormatException: For input string: "undefined" 
2017-11-22 19:44:33,254 [http-nio-7078-exec-7] WARN  o.s.w.s.m.s.DefaultHandlerExceptionResolver - Failed to bind request element: org.springframework.web.method.annotation.MethodArgumentTypeMismatchException: Failed to convert value of type [java.lang.String] to required type [java.lang.Long]; nested exception is java.lang.NumberFormatException: For input string: "undefined" 
2017-11-22 19:44:43,262 [http-nio-7078-exec-8] WARN  o.s.w.s.m.s.DefaultHandlerExceptionResolver - Failed to bind request element: org.springframework.web.method.annotation.MethodArgumentTypeMismatchException: Failed to convert value of type [java.lang.String] to required type [java.lang.Long]; nested exception is java.lang.NumberFormatException: For input string: "undefined" 
2017-11-22 19:44:53,255 [http-nio-7078-exec-9] WARN  o.s.w.s.m.s.DefaultHandlerExceptionResolver - Failed to bind request element: org.springframework.web.method.annotation.MethodArgumentTypeMismatchException: Failed to convert value of type [java.lang.String] to required type [java.lang.Long]; nested exception is java.lang.NumberFormatException: For input string: "undefined" 
2017-11-22 19:45:03,270 [http-nio-7078-exec-10] WARN  o.s.w.s.m.s.DefaultHandlerExceptionResolver - Failed to bind request element: org.springframework.web.method.annotation.MethodArgumentTypeMismatchException: Failed to convert value of type [java.lang.String] to required type [java.lang.Long]; nested exception is java.lang.NumberFormatException: For input string: "undefined" 
2017-11-22 19:45:13,253 [http-nio-7078-exec-1] WARN  o.s.w.s.m.s.DefaultHandlerExceptionResolver - Failed to bind request element: org.springframework.web.method.annotation.MethodArgumentTypeMismatchException: Failed to convert value of type [java.lang.String] to required type [java.lang.Long]; nested exception is java.lang.NumberFormatException: For input string: "undefined" 
2017-11-22 19:45:23,312 [http-nio-7078-exec-2] WARN  o.s.w.s.m.s.DefaultHandlerExceptionResolver - Failed to bind request element: org.springframework.web.method.annotation.MethodArgumentTypeMismatchException: Failed to convert value of type [java.lang.String] to required type [java.lang.Long]; nested exception is java.lang.NumberFormatException: For input string: "undefined" 
2017-11-22 19:45:33,264 [http-nio-7078-exec-3] WARN  o.s.w.s.m.s.DefaultHandlerExceptionResolver - Failed to bind request element: org.springframework.web.method.annotation.MethodArgumentTypeMismatchException: Failed to convert value of type [java.lang.String] to required type [java.lang.Long]; nested exception is java.lang.NumberFormatException: For input string: "undefined" 
2017-11-22 19:45:43,266 [http-nio-7078-exec-4] WARN  o.s.w.s.m.s.DefaultHandlerExceptionResolver - Failed to bind request element: org.springframework.web.method.annotation.MethodArgumentTypeMismatchException: Failed to convert value of type [java.lang.String] to required type [java.lang.Long]; nested exception is java.lang.NumberFormatException: For input string: "undefined" 
2017-11-22 19:45:53,263 [http-nio-7078-exec-5] WARN  o.s.w.s.m.s.DefaultHandlerExceptionResolver - Failed to bind request element: org.springframework.web.method.annotation.MethodArgumentTypeMismatchException: Failed to convert value of type [java.lang.String] to required type [java.lang.Long]; nested exception is java.lang.NumberFormatException: For input string: "undefined" 
2017-11-22 19:46:03,264 [http-nio-7078-exec-6] WARN  o.s.w.s.m.s.DefaultHandlerExceptionResolver - Failed to bind request element: org.springframework.web.method.annotation.MethodArgumentTypeMismatchException: Failed to convert value of type [java.lang.String] to required type [java.lang.Long]; nested exception is java.lang.NumberFormatException: For input string: "undefined" 
2017-11-22 19:46:13,265 [http-nio-7078-exec-7] WARN  o.s.w.s.m.s.DefaultHandlerExceptionResolver - Failed to bind request element: org.springframework.web.method.annotation.MethodArgumentTypeMismatchException: Failed to convert value of type [java.lang.String] to required type [java.lang.Long]; nested exception is java.lang.NumberFormatException: For input string: "undefined" 
2017-11-22 19:46:23,264 [http-nio-7078-exec-8] WARN  o.s.w.s.m.s.DefaultHandlerExceptionResolver - Failed to bind request element: org.springframework.web.method.annotation.MethodArgumentTypeMismatchException: Failed to convert value of type [java.lang.String] to required type [java.lang.Long]; nested exception is java.lang.NumberFormatException: For input string: "undefined" 
2017-11-22 19:46:33,265 [http-nio-7078-exec-9] WARN  o.s.w.s.m.s.DefaultHandlerExceptionResolver - Failed to bind request element: org.springframework.web.method.annotation.MethodArgumentTypeMismatchException: Failed to convert value of type [java.lang.String] to required type [java.lang.Long]; nested exception is java.lang.NumberFormatException: For input string: "undefined" 
2017-11-22 19:46:43,265 [http-nio-7078-exec-10] WARN  o.s.w.s.m.s.DefaultHandlerExceptionResolver - Failed to bind request element: org.springframework.web.method.annotation.MethodArgumentTypeMismatchException: Failed to convert value of type [java.lang.String] to required type [java.lang.Long]; nested exception is java.lang.NumberFormatException: For input string: "undefined" 
2017-11-22 19:46:53,264 [http-nio-7078-exec-1] WARN  o.s.w.s.m.s.DefaultHandlerExceptionResolver - Failed to bind request element: org.springframework.web.method.annotation.MethodArgumentTypeMismatchException: Failed to convert value of type [java.lang.String] to required type [java.lang.Long]; nested exception is java.lang.NumberFormatException: For input string: "undefined" 
2017-11-22 19:47:03,267 [http-nio-7078-exec-2] WARN  o.s.w.s.m.s.DefaultHandlerExceptionResolver - Failed to bind request element: org.springframework.web.method.annotation.MethodArgumentTypeMismatchException: Failed to convert value of type [java.lang.String] to required type [java.lang.Long]; nested exception is java.lang.NumberFormatException: For input string: "undefined" 
2017-11-22 19:47:13,266 [http-nio-7078-exec-3] WARN  o.s.w.s.m.s.DefaultHandlerExceptionResolver - Failed to bind request element: org.springframework.web.method.annotation.MethodArgumentTypeMismatchException: Failed to convert value of type [java.lang.String] to required type [java.lang.Long]; nested exception is java.lang.NumberFormatException: For input string: "undefined" 
2017-11-22 19:47:23,266 [http-nio-7078-exec-4] WARN  o.s.w.s.m.s.DefaultHandlerExceptionResolver - Failed to bind request element: org.springframework.web.method.annotation.MethodArgumentTypeMismatchException: Failed to convert value of type [java.lang.String] to required type [java.lang.Long]; nested exception is java.lang.NumberFormatException: For input string: "undefined" 
2017-11-22 19:47:33,270 [http-nio-7078-exec-5] WARN  o.s.w.s.m.s.DefaultHandlerExceptionResolver - Failed to bind request element: org.springframework.web.method.annotation.MethodArgumentTypeMismatchException: Failed to convert value of type [java.lang.String] to required type [java.lang.Long]; nested exception is java.lang.NumberFormatException: For input string: "undefined" 
2017-11-22 19:47:43,274 [http-nio-7078-exec-6] WARN  o.s.w.s.m.s.DefaultHandlerExceptionResolver - Failed to bind request element: org.springframework.web.method.annotation.MethodArgumentTypeMismatchException: Failed to convert value of type [java.lang.String] to required type [java.lang.Long]; nested exception is java.lang.NumberFormatException: For input string: "undefined" 
2017-11-22 19:47:53,326 [http-nio-7078-exec-7] WARN  o.s.w.s.m.s.DefaultHandlerExceptionResolver - Failed to bind request element: org.springframework.web.method.annotation.MethodArgumentTypeMismatchException: Failed to convert value of type [java.lang.String] to required type [java.lang.Long]; nested exception is java.lang.NumberFormatException: For input string: "undefined" 
2017-11-22 19:48:03,267 [http-nio-7078-exec-8] WARN  o.s.w.s.m.s.DefaultHandlerExceptionResolver - Failed to bind request element: org.springframework.web.method.annotation.MethodArgumentTypeMismatchException: Failed to convert value of type [java.lang.String] to required type [java.lang.Long]; nested exception is java.lang.NumberFormatException: For input string: "undefined" 
