2017-11-17 18:51:46,561 [background-preinit] DEBUG org.jboss.logging - Logging Provider: org.jboss.logging.Slf4jLoggerProvider found via system property 
2017-11-17 18:51:47,028 [main] INFO  c.f.d.a.AuthenticationApplication - The following profiles are active: prod 
2017-11-17 18:51:51,476 [main] WARN  o.s.c.a.ConfigurationClassPostProcessor - Cannot enhance @Configuration bean definition 'refreshScope' since its singleton instance has been created too early. The typical cause is a non-static @Bean method with a BeanDefinitionRegistryPostProcessor return type: Consider declaring such methods as 'static'. 
2017-11-17 18:51:53,414 [main] WARN  o.a.t.jdbc.pool.PooledConnection - Not loading a JDBC driver as driverClassName property is null. 
2017-11-17 18:51:53,594 [main] WARN  o.a.t.jdbc.pool.PooledConnection - Not loading a JDBC driver as driverClassName property is null. 
2017-11-17 18:51:53,597 [main] WARN  o.a.t.jdbc.pool.PooledConnection - Not loading a JDBC driver as driverClassName property is null. 
2017-11-17 18:51:53,601 [main] WARN  o.a.t.jdbc.pool.PooledConnection - Not loading a JDBC driver as driverClassName property is null. 
2017-11-17 18:51:53,604 [main] WARN  o.a.t.jdbc.pool.PooledConnection - Not loading a JDBC driver as driverClassName property is null. 
2017-11-17 18:51:53,607 [main] WARN  o.a.t.jdbc.pool.PooledConnection - Not loading a JDBC driver as driverClassName property is null. 
2017-11-17 18:51:53,610 [main] WARN  o.a.t.jdbc.pool.PooledConnection - Not loading a JDBC driver as driverClassName property is null. 
2017-11-17 18:51:53,613 [main] WARN  o.a.t.jdbc.pool.PooledConnection - Not loading a JDBC driver as driverClassName property is null. 
2017-11-17 18:51:53,616 [main] WARN  o.a.t.jdbc.pool.PooledConnection - Not loading a JDBC driver as driverClassName property is null. 
2017-11-17 18:51:53,620 [main] WARN  o.a.t.jdbc.pool.PooledConnection - Not loading a JDBC driver as driverClassName property is null. 
2017-11-17 18:52:01,558 [main] DEBUG LiquibaseSchemaResolver - Found namespace details class liquibase.parser.core.xml.StandardNamespaceDetails for http://www.liquibase.org/xml/ns/dbchangelog/dbchangelog-3.1.xsd 
2017-11-17 18:52:01,558 [main] DEBUG LiquibaseSchemaResolver - Local path for http://www.liquibase.org/xml/ns/dbchangelog/dbchangelog-3.1.xsd is liquibase/parser/core/xml/dbchangelog-3.1.xsd 
2017-11-17 18:52:01,559 [main] DEBUG LiquibaseSchemaResolver - Successfully loaded XSD from liquibase/parser/core/xml/dbchangelog-3.1.xsd 
2017-11-17 18:52:05,035 [main] DEBUG LiquibaseSchemaResolver - Found namespace details class liquibase.parser.core.xml.StandardNamespaceDetails for http://www.liquibase.org/xml/ns/dbchangelog/dbchangelog-3.5.xsd 
2017-11-17 18:52:05,035 [main] DEBUG LiquibaseSchemaResolver - Local path for http://www.liquibase.org/xml/ns/dbchangelog/dbchangelog-3.5.xsd is liquibase/parser/core/xml/dbchangelog-3.5.xsd 
2017-11-17 18:52:05,035 [main] DEBUG LiquibaseSchemaResolver - Successfully loaded XSD from liquibase/parser/core/xml/dbchangelog-3.5.xsd 
2017-11-17 18:52:05,176 [main] DEBUG LiquibaseSchemaResolver - Found namespace details class liquibase.parser.core.xml.StandardNamespaceDetails for http://www.liquibase.org/xml/ns/dbchangelog/dbchangelog-3.1.xsd 
2017-11-17 18:52:05,176 [main] DEBUG LiquibaseSchemaResolver - Local path for http://www.liquibase.org/xml/ns/dbchangelog/dbchangelog-3.1.xsd is liquibase/parser/core/xml/dbchangelog-3.1.xsd 
2017-11-17 18:52:05,176 [main] DEBUG LiquibaseSchemaResolver - Successfully loaded XSD from liquibase/parser/core/xml/dbchangelog-3.1.xsd 
2017-11-17 18:52:05,527 [main] WARN  o.s.b.c.e.AnnotationConfigEmbeddedWebApplicationContext - Exception encountered during context initialization - cancelling refresh attempt: org.springframework.beans.factory.BeanCreationException: Error creating bean with name 'liquibase' defined in class path resource [org/springframework/boot/autoconfigure/liquibase/LiquibaseAutoConfiguration$LiquibaseConfiguration.class]: Invocation of init method failed; nested exception is liquibase.exception.ValidationFailedException: Validation Failed:
     1 change sets check sum
          classpath:config/liquibase/changelog/dataxdata.xml::20171109115401::virtusa was: 7:c96054a270d89897badb1dc48641d241 but is now: 7:c15984b6fd09b471c74e03e5e19d50cf
 
2017-11-17 18:52:05,549 [main] ERROR o.s.boot.SpringApplication - Application startup failed 
org.springframework.beans.factory.BeanCreationException: Error creating bean with name 'liquibase' defined in class path resource [org/springframework/boot/autoconfigure/liquibase/LiquibaseAutoConfiguration$LiquibaseConfiguration.class]: Invocation of init method failed; nested exception is liquibase.exception.ValidationFailedException: Validation Failed:
     1 change sets check sum
          classpath:config/liquibase/changelog/dataxdata.xml::20171109115401::virtusa was: 7:c96054a270d89897badb1dc48641d241 but is now: 7:c15984b6fd09b471c74e03e5e19d50cf

	at org.springframework.beans.factory.support.AbstractAutowireCapableBeanFactory.initializeBean(AbstractAutowireCapableBeanFactory.java:1578)
	at org.springframework.beans.factory.support.AbstractAutowireCapableBeanFactory.doCreateBean(AbstractAutowireCapableBeanFactory.java:545)
	at org.springframework.beans.factory.support.AbstractAutowireCapableBeanFactory.createBean(AbstractAutowireCapableBeanFactory.java:482)
	at org.springframework.beans.factory.support.AbstractBeanFactory$1.getObject(AbstractBeanFactory.java:306)
	at org.springframework.beans.factory.support.DefaultSingletonBeanRegistry.getSingleton(DefaultSingletonBeanRegistry.java:230)
	at org.springframework.beans.factory.support.AbstractBeanFactory.doGetBean(AbstractBeanFactory.java:302)
	at org.springframework.beans.factory.support.AbstractBeanFactory.getBean(AbstractBeanFactory.java:197)
	at org.springframework.beans.factory.support.AbstractBeanFactory.doGetBean(AbstractBeanFactory.java:296)
	at org.springframework.beans.factory.support.AbstractBeanFactory.getBean(AbstractBeanFactory.java:197)
	at org.springframework.context.support.AbstractApplicationContext.getBean(AbstractApplicationContext.java:1076)
	at org.springframework.context.support.AbstractApplicationContext.finishBeanFactoryInitialization(AbstractApplicationContext.java:851)
	at org.springframework.context.support.AbstractApplicationContext.refresh(AbstractApplicationContext.java:541)
	at org.springframework.boot.context.embedded.EmbeddedWebApplicationContext.refresh(EmbeddedWebApplicationContext.java:122)
	at org.springframework.boot.SpringApplication.refresh(SpringApplication.java:759)
	at org.springframework.boot.SpringApplication.refreshContext(SpringApplication.java:369)
	at org.springframework.boot.SpringApplication.run(SpringApplication.java:313)
	at org.springframework.boot.SpringApplication.run(SpringApplication.java:1185)
	at org.springframework.boot.SpringApplication.run(SpringApplication.java:1174)
	at org.springframework.boot.SpringApplication$run.call(Unknown Source)
	at org.codehaus.groovy.runtime.callsite.CallSiteArray.defaultCall(CallSiteArray.java:48)
	at org.codehaus.groovy.runtime.callsite.AbstractCallSite.call(AbstractCallSite.java:113)
	at org.codehaus.groovy.runtime.callsite.AbstractCallSite.call(AbstractCallSite.java:133)
	at com.ffss.datax.auth.AuthenticationApplication.main(AuthenticationApplication.groovy:23)
Caused by: liquibase.exception.ValidationFailedException: Validation Failed:
     1 change sets check sum
          classpath:config/liquibase/changelog/dataxdata.xml::20171109115401::virtusa was: 7:c96054a270d89897badb1dc48641d241 but is now: 7:c15984b6fd09b471c74e03e5e19d50cf

	at liquibase.changelog.DatabaseChangeLog.validate(DatabaseChangeLog.java:266)
	at liquibase.Liquibase.update(Liquibase.java:210)
	at liquibase.Liquibase.update(Liquibase.java:192)
	at liquibase.integration.spring.SpringLiquibase.performUpdate(SpringLiquibase.java:434)
	at liquibase.integration.spring.SpringLiquibase.afterPropertiesSet(SpringLiquibase.java:391)
	at org.springframework.beans.factory.support.AbstractAutowireCapableBeanFactory.invokeInitMethods(AbstractAutowireCapableBeanFactory.java:1637)
	at org.springframework.beans.factory.support.AbstractAutowireCapableBeanFactory.initializeBean(AbstractAutowireCapableBeanFactory.java:1574)
	... 22 common frames omitted
2017-11-17 18:55:50,537 [background-preinit] DEBUG org.jboss.logging - Logging Provider: org.jboss.logging.Slf4jLoggerProvider found via system property 
2017-11-17 18:55:50,924 [main] INFO  c.f.d.a.AuthenticationApplication - The following profiles are active: prod 
2017-11-17 18:55:52,318 [main] WARN  o.s.c.a.ConfigurationClassPostProcessor - Cannot enhance @Configuration bean definition 'refreshScope' since its singleton instance has been created too early. The typical cause is a non-static @Bean method with a BeanDefinitionRegistryPostProcessor return type: Consider declaring such methods as 'static'. 
2017-11-17 18:55:54,352 [main] WARN  o.a.t.jdbc.pool.PooledConnection - Not loading a JDBC driver as driverClassName property is null. 
2017-11-17 18:55:54,538 [main] WARN  o.a.t.jdbc.pool.PooledConnection - Not loading a JDBC driver as driverClassName property is null. 
2017-11-17 18:55:54,541 [main] WARN  o.a.t.jdbc.pool.PooledConnection - Not loading a JDBC driver as driverClassName property is null. 
2017-11-17 18:55:54,564 [main] WARN  o.a.t.jdbc.pool.PooledConnection - Not loading a JDBC driver as driverClassName property is null. 
2017-11-17 18:55:54,567 [main] WARN  o.a.t.jdbc.pool.PooledConnection - Not loading a JDBC driver as driverClassName property is null. 
2017-11-17 18:55:54,569 [main] WARN  o.a.t.jdbc.pool.PooledConnection - Not loading a JDBC driver as driverClassName property is null. 
2017-11-17 18:55:54,572 [main] WARN  o.a.t.jdbc.pool.PooledConnection - Not loading a JDBC driver as driverClassName property is null. 
2017-11-17 18:55:54,575 [main] WARN  o.a.t.jdbc.pool.PooledConnection - Not loading a JDBC driver as driverClassName property is null. 
2017-11-17 18:55:54,578 [main] WARN  o.a.t.jdbc.pool.PooledConnection - Not loading a JDBC driver as driverClassName property is null. 
2017-11-17 18:55:54,580 [main] WARN  o.a.t.jdbc.pool.PooledConnection - Not loading a JDBC driver as driverClassName property is null. 
2017-11-17 18:55:55,916 [main] DEBUG LiquibaseSchemaResolver - Found namespace details class liquibase.parser.core.xml.StandardNamespaceDetails for http://www.liquibase.org/xml/ns/dbchangelog/dbchangelog-3.1.xsd 
2017-11-17 18:55:55,916 [main] DEBUG LiquibaseSchemaResolver - Local path for http://www.liquibase.org/xml/ns/dbchangelog/dbchangelog-3.1.xsd is liquibase/parser/core/xml/dbchangelog-3.1.xsd 
2017-11-17 18:55:55,917 [main] DEBUG LiquibaseSchemaResolver - Successfully loaded XSD from liquibase/parser/core/xml/dbchangelog-3.1.xsd 
2017-11-17 18:55:55,948 [main] DEBUG LiquibaseSchemaResolver - Found namespace details class liquibase.parser.core.xml.StandardNamespaceDetails for http://www.liquibase.org/xml/ns/dbchangelog/dbchangelog-3.5.xsd 
2017-11-17 18:55:55,948 [main] DEBUG LiquibaseSchemaResolver - Local path for http://www.liquibase.org/xml/ns/dbchangelog/dbchangelog-3.5.xsd is liquibase/parser/core/xml/dbchangelog-3.5.xsd 
2017-11-17 18:55:55,949 [main] DEBUG LiquibaseSchemaResolver - Successfully loaded XSD from liquibase/parser/core/xml/dbchangelog-3.5.xsd 
2017-11-17 18:55:56,035 [main] DEBUG LiquibaseSchemaResolver - Found namespace details class liquibase.parser.core.xml.StandardNamespaceDetails for http://www.liquibase.org/xml/ns/dbchangelog/dbchangelog-3.1.xsd 
2017-11-17 18:55:56,035 [main] DEBUG LiquibaseSchemaResolver - Local path for http://www.liquibase.org/xml/ns/dbchangelog/dbchangelog-3.1.xsd is liquibase/parser/core/xml/dbchangelog-3.1.xsd 
2017-11-17 18:55:56,035 [main] DEBUG LiquibaseSchemaResolver - Successfully loaded XSD from liquibase/parser/core/xml/dbchangelog-3.1.xsd 
