2017-11-22 18:08:09,889 [main] DEBUG org.jboss.logging - Logging Provider: org.jboss.logging.Slf4jLoggerProvider found via system property 
2017-11-22 18:08:11,142 [main] INFO  c.f.d.study.StudyListApplication - The following profiles are active: prod 
2017-11-22 18:08:25,449 [main] WARN  o.s.c.a.ConfigurationClassPostProcessor - Cannot enhance @Configuration bean definition 'refreshScope' since its singleton instance has been created too early. The typical cause is a non-static @Bean method with a BeanDefinitionRegistryPostProcessor return type: Consider declaring such methods as 'static'. 
2017-11-22 18:08:46,470 [main] WARN  o.a.t.jdbc.pool.PooledConnection - Not loading a JDBC driver as driverClassName property is null. 
2017-11-22 18:08:48,267 [main] WARN  o.a.t.jdbc.pool.PooledConnection - Not loading a JDBC driver as driverClassName property is null. 
2017-11-22 18:08:48,549 [main] WARN  o.a.t.jdbc.pool.PooledConnection - Not loading a JDBC driver as driverClassName property is null. 
2017-11-22 18:08:48,689 [main] WARN  o.a.t.jdbc.pool.PooledConnection - Not loading a JDBC driver as driverClassName property is null. 
2017-11-22 18:08:48,814 [main] WARN  o.a.t.jdbc.pool.PooledConnection - Not loading a JDBC driver as driverClassName property is null. 
2017-11-22 18:08:49,063 [main] WARN  o.a.t.jdbc.pool.PooledConnection - Not loading a JDBC driver as driverClassName property is null. 
2017-11-22 18:08:49,157 [main] WARN  o.a.t.jdbc.pool.PooledConnection - Not loading a JDBC driver as driverClassName property is null. 
2017-11-22 18:08:49,391 [main] WARN  o.a.t.jdbc.pool.PooledConnection - Not loading a JDBC driver as driverClassName property is null. 
2017-11-22 18:08:49,610 [main] WARN  o.a.t.jdbc.pool.PooledConnection - Not loading a JDBC driver as driverClassName property is null. 
2017-11-22 18:08:49,891 [main] WARN  o.a.t.jdbc.pool.PooledConnection - Not loading a JDBC driver as driverClassName property is null. 
2017-11-22 18:09:30,234 [main] WARN  c.n.c.s.URLConfigurationSource - No URLs will be polled as dynamic configuration sources. 
2017-11-22 18:09:30,234 [main] WARN  c.n.c.s.URLConfigurationSource - No URLs will be polled as dynamic configuration sources. 
2017-11-22 18:09:42,902 [main] INFO  c.s.j.spi.service.ServiceFinder - Running in a non-OSGi environment 
2017-11-22 18:09:42,902 [main] INFO  c.s.j.c.s.c.ProviderServices - Searching for providers that implement: interface com.sun.jersey.client.proxy.ViewProxyProvider 
2017-11-22 18:09:42,902 [main] INFO  c.s.j.c.s.c.ProviderServices - Searching for providers that implement: interface com.sun.jersey.spi.inject.InjectableProvider 
2017-11-22 18:09:42,918 [main] INFO  c.s.j.c.s.c.ProviderServices -     Provider found: class com.sun.jersey.core.impl.provider.xml.SAXParserContextProvider 
2017-11-22 18:09:42,918 [main] INFO  c.s.j.c.s.c.ProviderServices -     Provider found: class com.sun.jersey.core.impl.provider.xml.XMLStreamReaderContextProvider 
2017-11-22 18:09:42,918 [main] INFO  c.s.j.c.s.c.ProviderServices -     Provider found: class com.sun.jersey.core.impl.provider.xml.DocumentBuilderFactoryProvider 
2017-11-22 18:09:42,918 [main] INFO  c.s.j.c.s.c.ProviderServices -     Provider found: class com.sun.jersey.core.impl.provider.xml.TransformerFactoryProvider 
2017-11-22 18:09:42,981 [main] INFO  c.s.j.c.s.c.ProviderServices - Searching for providers that implement: interface javax.ws.rs.ext.MessageBodyReader 
2017-11-22 18:09:42,997 [main] INFO  c.s.j.c.s.c.ProviderServices -     Provider found: class com.sun.jersey.core.impl.provider.entity.StringProvider 
2017-11-22 18:09:42,997 [main] INFO  c.s.j.c.s.c.ProviderServices -     Provider found: class com.sun.jersey.core.impl.provider.entity.ByteArrayProvider 
2017-11-22 18:09:42,997 [main] INFO  c.s.j.c.s.c.ProviderServices -     Provider found: class com.sun.jersey.core.impl.provider.entity.FileProvider 
2017-11-22 18:09:42,997 [main] INFO  c.s.j.c.s.c.ProviderServices -     Provider found: class com.sun.jersey.core.impl.provider.entity.InputStreamProvider 
2017-11-22 18:09:42,997 [main] INFO  c.s.j.c.s.c.ProviderServices -     Provider found: class com.sun.jersey.core.impl.provider.entity.DataSourceProvider 
2017-11-22 18:09:42,997 [main] INFO  c.s.j.c.s.c.ProviderServices -     Provider found: class com.sun.jersey.core.impl.provider.entity.RenderedImageProvider 
2017-11-22 18:09:42,997 [main] INFO  c.s.j.c.s.c.ProviderServices -     Provider found: class com.sun.jersey.core.impl.provider.entity.MimeMultipartProvider 
2017-11-22 18:09:42,997 [main] INFO  c.s.j.c.s.c.ProviderServices -     Provider found: class com.sun.jersey.core.impl.provider.entity.FormProvider 
2017-11-22 18:09:42,997 [main] INFO  c.s.j.c.s.c.ProviderServices -     Provider found: class com.sun.jersey.core.impl.provider.entity.FormMultivaluedMapProvider 
2017-11-22 18:09:42,997 [main] INFO  c.s.j.c.s.c.ProviderServices -     Provider found: class com.sun.jersey.core.impl.provider.entity.XMLRootElementProvider$App 
2017-11-22 18:09:42,997 [main] INFO  c.s.j.c.s.c.ProviderServices -     Provider found: class com.sun.jersey.core.impl.provider.entity.XMLRootElementProvider$Text 
2017-11-22 18:09:42,997 [main] INFO  c.s.j.c.s.c.ProviderServices -     Provider found: class com.sun.jersey.core.impl.provider.entity.XMLRootElementProvider$General 
2017-11-22 18:09:42,997 [main] INFO  c.s.j.c.s.c.ProviderServices -     Provider found: class com.sun.jersey.core.impl.provider.entity.XMLJAXBElementProvider$App 
2017-11-22 18:09:42,997 [main] INFO  c.s.j.c.s.c.ProviderServices -     Provider found: class com.sun.jersey.core.impl.provider.entity.XMLJAXBElementProvider$Text 
2017-11-22 18:09:42,997 [main] INFO  c.s.j.c.s.c.ProviderServices -     Provider found: class com.sun.jersey.core.impl.provider.entity.XMLJAXBElementProvider$General 
2017-11-22 18:09:42,997 [main] INFO  c.s.j.c.s.c.ProviderServices -     Provider found: class com.sun.jersey.core.impl.provider.entity.XMLListElementProvider$App 
2017-11-22 18:09:42,997 [main] INFO  c.s.j.c.s.c.ProviderServices -     Provider found: class com.sun.jersey.core.impl.provider.entity.XMLListElementProvider$Text 
2017-11-22 18:09:42,997 [main] INFO  c.s.j.c.s.c.ProviderServices -     Provider found: class com.sun.jersey.core.impl.provider.entity.XMLListElementProvider$General 
2017-11-22 18:09:42,997 [main] INFO  c.s.j.c.s.c.ProviderServices -     Provider found: class com.sun.jersey.core.impl.provider.entity.ReaderProvider 
2017-11-22 18:09:42,997 [main] INFO  c.s.j.c.s.c.ProviderServices -     Provider found: class com.sun.jersey.core.impl.provider.entity.DocumentProvider 
2017-11-22 18:09:42,997 [main] INFO  c.s.j.c.s.c.ProviderServices -     Provider found: class com.sun.jersey.core.impl.provider.entity.SourceProvider$StreamSourceReader 
2017-11-22 18:09:42,997 [main] INFO  c.s.j.c.s.c.ProviderServices -     Provider found: class com.sun.jersey.core.impl.provider.entity.SourceProvider$SAXSourceReader 
2017-11-22 18:09:42,997 [main] INFO  c.s.j.c.s.c.ProviderServices -     Provider found: class com.sun.jersey.core.impl.provider.entity.SourceProvider$DOMSourceReader 
2017-11-22 18:09:42,997 [main] INFO  c.s.j.c.s.c.ProviderServices -     Provider found: class com.sun.jersey.core.impl.provider.entity.XMLRootObjectProvider$App 
2017-11-22 18:09:42,997 [main] INFO  c.s.j.c.s.c.ProviderServices -     Provider found: class com.sun.jersey.core.impl.provider.entity.XMLRootObjectProvider$Text 
2017-11-22 18:09:42,997 [main] INFO  c.s.j.c.s.c.ProviderServices -     Provider found: class com.sun.jersey.core.impl.provider.entity.XMLRootObjectProvider$General 
2017-11-22 18:09:42,997 [main] INFO  c.s.j.c.s.c.ProviderServices -     Provider found: class com.sun.jersey.core.impl.provider.entity.EntityHolderReader 
2017-11-22 18:09:43,137 [main] INFO  c.s.j.c.s.component.ProviderFactory - A dependent class, javax/mail/MessagingException, of the component class com.sun.jersey.core.impl.provider.entity.MimeMultipartProvider is not found. The component is ignored. 
2017-11-22 18:09:43,605 [main] INFO  c.s.j.c.s.c.ProviderServices - Searching for providers that implement: interface javax.ws.rs.ext.MessageBodyWriter 
2017-11-22 18:09:43,605 [main] INFO  c.s.j.c.s.c.ProviderServices -     Provider found: class com.sun.jersey.core.impl.provider.entity.StringProvider 
2017-11-22 18:09:43,605 [main] INFO  c.s.j.c.s.c.ProviderServices -     Provider found: class com.sun.jersey.core.impl.provider.entity.ByteArrayProvider 
2017-11-22 18:09:43,605 [main] INFO  c.s.j.c.s.c.ProviderServices -     Provider found: class com.sun.jersey.core.impl.provider.entity.FileProvider 
2017-11-22 18:09:43,605 [main] INFO  c.s.j.c.s.c.ProviderServices -     Provider found: class com.sun.jersey.core.impl.provider.entity.InputStreamProvider 
2017-11-22 18:09:43,605 [main] INFO  c.s.j.c.s.c.ProviderServices -     Provider found: class com.sun.jersey.core.impl.provider.entity.DataSourceProvider 
2017-11-22 18:09:43,605 [main] INFO  c.s.j.c.s.c.ProviderServices -     Provider found: class com.sun.jersey.core.impl.provider.entity.RenderedImageProvider 
2017-11-22 18:09:43,605 [main] INFO  c.s.j.c.s.c.ProviderServices -     Provider found: class com.sun.jersey.core.impl.provider.entity.MimeMultipartProvider 
2017-11-22 18:09:43,605 [main] INFO  c.s.j.c.s.c.ProviderServices -     Provider found: class com.sun.jersey.core.impl.provider.entity.FormProvider 
2017-11-22 18:09:43,605 [main] INFO  c.s.j.c.s.c.ProviderServices -     Provider found: class com.sun.jersey.core.impl.provider.entity.FormMultivaluedMapProvider 
2017-11-22 18:09:43,605 [main] INFO  c.s.j.c.s.c.ProviderServices -     Provider found: class com.sun.jersey.core.impl.provider.entity.XMLRootElementProvider$App 
2017-11-22 18:09:43,605 [main] INFO  c.s.j.c.s.c.ProviderServices -     Provider found: class com.sun.jersey.core.impl.provider.entity.XMLRootElementProvider$Text 
2017-11-22 18:09:43,605 [main] INFO  c.s.j.c.s.c.ProviderServices -     Provider found: class com.sun.jersey.core.impl.provider.entity.XMLRootElementProvider$General 
2017-11-22 18:09:43,605 [main] INFO  c.s.j.c.s.c.ProviderServices -     Provider found: class com.sun.jersey.core.impl.provider.entity.XMLJAXBElementProvider$App 
2017-11-22 18:09:43,605 [main] INFO  c.s.j.c.s.c.ProviderServices -     Provider found: class com.sun.jersey.core.impl.provider.entity.XMLJAXBElementProvider$Text 
2017-11-22 18:09:43,605 [main] INFO  c.s.j.c.s.c.ProviderServices -     Provider found: class com.sun.jersey.core.impl.provider.entity.XMLJAXBElementProvider$General 
2017-11-22 18:09:43,605 [main] INFO  c.s.j.c.s.c.ProviderServices -     Provider found: class com.sun.jersey.core.impl.provider.entity.XMLListElementProvider$App 
2017-11-22 18:09:43,605 [main] INFO  c.s.j.c.s.c.ProviderServices -     Provider found: class com.sun.jersey.core.impl.provider.entity.XMLListElementProvider$Text 
2017-11-22 18:09:43,605 [main] INFO  c.s.j.c.s.c.ProviderServices -     Provider found: class com.sun.jersey.core.impl.provider.entity.XMLListElementProvider$General 
2017-11-22 18:09:43,605 [main] INFO  c.s.j.c.s.c.ProviderServices -     Provider found: class com.sun.jersey.core.impl.provider.entity.ReaderProvider 
2017-11-22 18:09:43,605 [main] INFO  c.s.j.c.s.c.ProviderServices -     Provider found: class com.sun.jersey.core.impl.provider.entity.DocumentProvider 
2017-11-22 18:09:43,605 [main] INFO  c.s.j.c.s.c.ProviderServices -     Provider found: class com.sun.jersey.core.impl.provider.entity.StreamingOutputProvider 
2017-11-22 18:09:43,605 [main] INFO  c.s.j.c.s.c.ProviderServices -     Provider found: class com.sun.jersey.core.impl.provider.entity.SourceProvider$SourceWriter 
2017-11-22 18:09:43,605 [main] INFO  c.s.j.c.s.component.ProviderFactory - A dependent class, javax/mail/MessagingException, of the component class com.sun.jersey.core.impl.provider.entity.MimeMultipartProvider is not found. The component is ignored. 
2017-11-22 18:09:45,290 [main] INFO  c.f.d.study.StudyListApplication - Started StudyListApplication in 97.382 seconds (JVM running for 105.267) 
