2017-11-23 12:43:29,399 [main] DEBUG org.jboss.logging - Logging Provider: org.jboss.logging.Slf4jLoggerProvider found via system property 
2017-11-23 12:43:30,320 [main] INFO  c.f.d.study.StudyListApplication - The following profiles are active: prod 
2017-11-23 12:43:39,306 [main] WARN  o.s.c.a.ConfigurationClassPostProcessor - Cannot enhance @Configuration bean definition 'refreshScope' since its singleton instance has been created too early. The typical cause is a non-static @Bean method with a BeanDefinitionRegistryPostProcessor return type: Consider declaring such methods as 'static'. 
2017-11-23 12:44:10,491 [main] WARN  o.a.t.jdbc.pool.PooledConnection - Not loading a JDBC driver as driverClassName property is null. 
2017-11-23 12:44:10,976 [main] WARN  o.a.t.jdbc.pool.PooledConnection - Not loading a JDBC driver as driverClassName property is null. 
2017-11-23 12:44:11,070 [main] WARN  o.a.t.jdbc.pool.PooledConnection - Not loading a JDBC driver as driverClassName property is null. 
2017-11-23 12:44:11,194 [main] WARN  o.a.t.jdbc.pool.PooledConnection - Not loading a JDBC driver as driverClassName property is null. 
2017-11-23 12:44:11,226 [main] WARN  o.a.t.jdbc.pool.PooledConnection - Not loading a JDBC driver as driverClassName property is null. 
2017-11-23 12:44:11,428 [main] WARN  o.a.t.jdbc.pool.PooledConnection - Not loading a JDBC driver as driverClassName property is null. 
2017-11-23 12:44:11,553 [main] WARN  o.a.t.jdbc.pool.PooledConnection - Not loading a JDBC driver as driverClassName property is null. 
2017-11-23 12:44:11,617 [main] WARN  o.a.t.jdbc.pool.PooledConnection - Not loading a JDBC driver as driverClassName property is null. 
2017-11-23 12:44:11,710 [main] WARN  o.a.t.jdbc.pool.PooledConnection - Not loading a JDBC driver as driverClassName property is null. 
2017-11-23 12:44:11,757 [main] WARN  o.a.t.jdbc.pool.PooledConnection - Not loading a JDBC driver as driverClassName property is null. 
2017-11-23 12:45:40,712 [main] WARN  c.n.c.s.URLConfigurationSource - No URLs will be polled as dynamic configuration sources. 
2017-11-23 12:45:40,728 [main] WARN  c.n.c.s.URLConfigurationSource - No URLs will be polled as dynamic configuration sources. 
2017-11-23 12:46:03,161 [main] INFO  c.s.j.spi.service.ServiceFinder - Running in a non-OSGi environment 
2017-11-23 12:46:03,287 [main] INFO  c.s.j.c.s.c.ProviderServices - Searching for providers that implement: interface com.sun.jersey.client.proxy.ViewProxyProvider 
2017-11-23 12:46:03,537 [main] INFO  c.s.j.c.s.c.ProviderServices - Searching for providers that implement: interface com.sun.jersey.spi.inject.InjectableProvider 
2017-11-23 12:46:03,552 [main] INFO  c.s.j.c.s.c.ProviderServices -     Provider found: class com.sun.jersey.core.impl.provider.xml.SAXParserContextProvider 
2017-11-23 12:46:03,552 [main] INFO  c.s.j.c.s.c.ProviderServices -     Provider found: class com.sun.jersey.core.impl.provider.xml.XMLStreamReaderContextProvider 
2017-11-23 12:46:03,552 [main] INFO  c.s.j.c.s.c.ProviderServices -     Provider found: class com.sun.jersey.core.impl.provider.xml.DocumentBuilderFactoryProvider 
2017-11-23 12:46:03,552 [main] INFO  c.s.j.c.s.c.ProviderServices -     Provider found: class com.sun.jersey.core.impl.provider.xml.TransformerFactoryProvider 
2017-11-23 12:46:04,488 [main] INFO  c.s.j.c.s.c.ProviderServices - Searching for providers that implement: interface javax.ws.rs.ext.MessageBodyReader 
2017-11-23 12:46:04,505 [main] INFO  c.s.j.c.s.c.ProviderServices -     Provider found: class com.sun.jersey.core.impl.provider.entity.StringProvider 
2017-11-23 12:46:04,505 [main] INFO  c.s.j.c.s.c.ProviderServices -     Provider found: class com.sun.jersey.core.impl.provider.entity.ByteArrayProvider 
2017-11-23 12:46:04,505 [main] INFO  c.s.j.c.s.c.ProviderServices -     Provider found: class com.sun.jersey.core.impl.provider.entity.FileProvider 
2017-11-23 12:46:04,505 [main] INFO  c.s.j.c.s.c.ProviderServices -     Provider found: class com.sun.jersey.core.impl.provider.entity.InputStreamProvider 
2017-11-23 12:46:04,505 [main] INFO  c.s.j.c.s.c.ProviderServices -     Provider found: class com.sun.jersey.core.impl.provider.entity.DataSourceProvider 
2017-11-23 12:46:04,505 [main] INFO  c.s.j.c.s.c.ProviderServices -     Provider found: class com.sun.jersey.core.impl.provider.entity.RenderedImageProvider 
2017-11-23 12:46:04,505 [main] INFO  c.s.j.c.s.c.ProviderServices -     Provider found: class com.sun.jersey.core.impl.provider.entity.MimeMultipartProvider 
2017-11-23 12:46:04,505 [main] INFO  c.s.j.c.s.c.ProviderServices -     Provider found: class com.sun.jersey.core.impl.provider.entity.FormProvider 
2017-11-23 12:46:04,505 [main] INFO  c.s.j.c.s.c.ProviderServices -     Provider found: class com.sun.jersey.core.impl.provider.entity.FormMultivaluedMapProvider 
2017-11-23 12:46:04,505 [main] INFO  c.s.j.c.s.c.ProviderServices -     Provider found: class com.sun.jersey.core.impl.provider.entity.XMLRootElementProvider$App 
2017-11-23 12:46:04,505 [main] INFO  c.s.j.c.s.c.ProviderServices -     Provider found: class com.sun.jersey.core.impl.provider.entity.XMLRootElementProvider$Text 
2017-11-23 12:46:04,505 [main] INFO  c.s.j.c.s.c.ProviderServices -     Provider found: class com.sun.jersey.core.impl.provider.entity.XMLRootElementProvider$General 
2017-11-23 12:46:04,505 [main] INFO  c.s.j.c.s.c.ProviderServices -     Provider found: class com.sun.jersey.core.impl.provider.entity.XMLJAXBElementProvider$App 
2017-11-23 12:46:04,505 [main] INFO  c.s.j.c.s.c.ProviderServices -     Provider found: class com.sun.jersey.core.impl.provider.entity.XMLJAXBElementProvider$Text 
2017-11-23 12:46:04,505 [main] INFO  c.s.j.c.s.c.ProviderServices -     Provider found: class com.sun.jersey.core.impl.provider.entity.XMLJAXBElementProvider$General 
2017-11-23 12:46:04,505 [main] INFO  c.s.j.c.s.c.ProviderServices -     Provider found: class com.sun.jersey.core.impl.provider.entity.XMLListElementProvider$App 
2017-11-23 12:46:04,505 [main] INFO  c.s.j.c.s.c.ProviderServices -     Provider found: class com.sun.jersey.core.impl.provider.entity.XMLListElementProvider$Text 
2017-11-23 12:46:04,505 [main] INFO  c.s.j.c.s.c.ProviderServices -     Provider found: class com.sun.jersey.core.impl.provider.entity.XMLListElementProvider$General 
2017-11-23 12:46:04,505 [main] INFO  c.s.j.c.s.c.ProviderServices -     Provider found: class com.sun.jersey.core.impl.provider.entity.ReaderProvider 
2017-11-23 12:46:04,505 [main] INFO  c.s.j.c.s.c.ProviderServices -     Provider found: class com.sun.jersey.core.impl.provider.entity.DocumentProvider 
2017-11-23 12:46:04,505 [main] INFO  c.s.j.c.s.c.ProviderServices -     Provider found: class com.sun.jersey.core.impl.provider.entity.SourceProvider$StreamSourceReader 
2017-11-23 12:46:04,505 [main] INFO  c.s.j.c.s.c.ProviderServices -     Provider found: class com.sun.jersey.core.impl.provider.entity.SourceProvider$SAXSourceReader 
2017-11-23 12:46:04,505 [main] INFO  c.s.j.c.s.c.ProviderServices -     Provider found: class com.sun.jersey.core.impl.provider.entity.SourceProvider$DOMSourceReader 
2017-11-23 12:46:04,505 [main] INFO  c.s.j.c.s.c.ProviderServices -     Provider found: class com.sun.jersey.core.impl.provider.entity.XMLRootObjectProvider$App 
2017-11-23 12:46:04,505 [main] INFO  c.s.j.c.s.c.ProviderServices -     Provider found: class com.sun.jersey.core.impl.provider.entity.XMLRootObjectProvider$Text 
2017-11-23 12:46:04,505 [main] INFO  c.s.j.c.s.c.ProviderServices -     Provider found: class com.sun.jersey.core.impl.provider.entity.XMLRootObjectProvider$General 
2017-11-23 12:46:04,505 [main] INFO  c.s.j.c.s.c.ProviderServices -     Provider found: class com.sun.jersey.core.impl.provider.entity.EntityHolderReader 
2017-11-23 12:46:05,004 [main] INFO  c.s.j.c.s.component.ProviderFactory - A dependent class, javax/mail/MessagingException, of the component class com.sun.jersey.core.impl.provider.entity.MimeMultipartProvider is not found. The component is ignored. 
2017-11-23 12:46:05,410 [main] INFO  c.s.j.c.s.c.ProviderServices - Searching for providers that implement: interface javax.ws.rs.ext.MessageBodyWriter 
2017-11-23 12:46:05,410 [main] INFO  c.s.j.c.s.c.ProviderServices -     Provider found: class com.sun.jersey.core.impl.provider.entity.StringProvider 
2017-11-23 12:46:05,410 [main] INFO  c.s.j.c.s.c.ProviderServices -     Provider found: class com.sun.jersey.core.impl.provider.entity.ByteArrayProvider 
2017-11-23 12:46:05,410 [main] INFO  c.s.j.c.s.c.ProviderServices -     Provider found: class com.sun.jersey.core.impl.provider.entity.FileProvider 
2017-11-23 12:46:05,410 [main] INFO  c.s.j.c.s.c.ProviderServices -     Provider found: class com.sun.jersey.core.impl.provider.entity.InputStreamProvider 
2017-11-23 12:46:05,410 [main] INFO  c.s.j.c.s.c.ProviderServices -     Provider found: class com.sun.jersey.core.impl.provider.entity.DataSourceProvider 
2017-11-23 12:46:05,410 [main] INFO  c.s.j.c.s.c.ProviderServices -     Provider found: class com.sun.jersey.core.impl.provider.entity.RenderedImageProvider 
2017-11-23 12:46:05,410 [main] INFO  c.s.j.c.s.c.ProviderServices -     Provider found: class com.sun.jersey.core.impl.provider.entity.MimeMultipartProvider 
2017-11-23 12:46:05,410 [main] INFO  c.s.j.c.s.c.ProviderServices -     Provider found: class com.sun.jersey.core.impl.provider.entity.FormProvider 
2017-11-23 12:46:05,410 [main] INFO  c.s.j.c.s.c.ProviderServices -     Provider found: class com.sun.jersey.core.impl.provider.entity.FormMultivaluedMapProvider 
2017-11-23 12:46:05,410 [main] INFO  c.s.j.c.s.c.ProviderServices -     Provider found: class com.sun.jersey.core.impl.provider.entity.XMLRootElementProvider$App 
2017-11-23 12:46:05,410 [main] INFO  c.s.j.c.s.c.ProviderServices -     Provider found: class com.sun.jersey.core.impl.provider.entity.XMLRootElementProvider$Text 
2017-11-23 12:46:05,410 [main] INFO  c.s.j.c.s.c.ProviderServices -     Provider found: class com.sun.jersey.core.impl.provider.entity.XMLRootElementProvider$General 
2017-11-23 12:46:05,410 [main] INFO  c.s.j.c.s.c.ProviderServices -     Provider found: class com.sun.jersey.core.impl.provider.entity.XMLJAXBElementProvider$App 
2017-11-23 12:46:05,410 [main] INFO  c.s.j.c.s.c.ProviderServices -     Provider found: class com.sun.jersey.core.impl.provider.entity.XMLJAXBElementProvider$Text 
2017-11-23 12:46:05,410 [main] INFO  c.s.j.c.s.c.ProviderServices -     Provider found: class com.sun.jersey.core.impl.provider.entity.XMLJAXBElementProvider$General 
2017-11-23 12:46:05,410 [main] INFO  c.s.j.c.s.c.ProviderServices -     Provider found: class com.sun.jersey.core.impl.provider.entity.XMLListElementProvider$App 
2017-11-23 12:46:05,410 [main] INFO  c.s.j.c.s.c.ProviderServices -     Provider found: class com.sun.jersey.core.impl.provider.entity.XMLListElementProvider$Text 
2017-11-23 12:46:05,410 [main] INFO  c.s.j.c.s.c.ProviderServices -     Provider found: class com.sun.jersey.core.impl.provider.entity.XMLListElementProvider$General 
2017-11-23 12:46:05,410 [main] INFO  c.s.j.c.s.c.ProviderServices -     Provider found: class com.sun.jersey.core.impl.provider.entity.ReaderProvider 
2017-11-23 12:46:05,410 [main] INFO  c.s.j.c.s.c.ProviderServices -     Provider found: class com.sun.jersey.core.impl.provider.entity.DocumentProvider 
2017-11-23 12:46:05,410 [main] INFO  c.s.j.c.s.c.ProviderServices -     Provider found: class com.sun.jersey.core.impl.provider.entity.StreamingOutputProvider 
2017-11-23 12:46:05,410 [main] INFO  c.s.j.c.s.c.ProviderServices -     Provider found: class com.sun.jersey.core.impl.provider.entity.SourceProvider$SourceWriter 
2017-11-23 12:46:05,410 [main] INFO  c.s.j.c.s.component.ProviderFactory - A dependent class, javax/mail/MessagingException, of the component class com.sun.jersey.core.impl.provider.entity.MimeMultipartProvider is not found. The component is ignored. 
2017-11-23 12:46:22,102 [main] INFO  c.f.d.study.StudyListApplication - Started StudyListApplication in 177.368 seconds (JVM running for 178.54) 
2017-11-23 13:10:02,123 [background-preinit] DEBUG org.jboss.logging - Logging Provider: org.jboss.logging.Slf4jLoggerProvider found via system property 
2017-11-23 13:10:02,555 [main] INFO  c.f.d.study.StudyListApplication - The following profiles are active: prod 
2017-11-23 13:10:07,032 [main] WARN  o.s.c.a.ConfigurationClassPostProcessor - Cannot enhance @Configuration bean definition 'refreshScope' since its singleton instance has been created too early. The typical cause is a non-static @Bean method with a BeanDefinitionRegistryPostProcessor return type: Consider declaring such methods as 'static'. 
2017-11-23 13:10:09,336 [main] WARN  o.a.t.jdbc.pool.PooledConnection - Not loading a JDBC driver as driverClassName property is null. 
2017-11-23 13:10:09,539 [main] WARN  o.a.t.jdbc.pool.PooledConnection - Not loading a JDBC driver as driverClassName property is null. 
2017-11-23 13:10:09,570 [main] WARN  o.a.t.jdbc.pool.PooledConnection - Not loading a JDBC driver as driverClassName property is null. 
2017-11-23 13:10:09,617 [main] WARN  o.a.t.jdbc.pool.PooledConnection - Not loading a JDBC driver as driverClassName property is null. 
2017-11-23 13:10:09,648 [main] WARN  o.a.t.jdbc.pool.PooledConnection - Not loading a JDBC driver as driverClassName property is null. 
2017-11-23 13:10:09,679 [main] WARN  o.a.t.jdbc.pool.PooledConnection - Not loading a JDBC driver as driverClassName property is null. 
2017-11-23 13:10:09,695 [main] WARN  o.a.t.jdbc.pool.PooledConnection - Not loading a JDBC driver as driverClassName property is null. 
2017-11-23 13:10:09,710 [main] WARN  o.a.t.jdbc.pool.PooledConnection - Not loading a JDBC driver as driverClassName property is null. 
2017-11-23 13:10:09,757 [main] WARN  o.a.t.jdbc.pool.PooledConnection - Not loading a JDBC driver as driverClassName property is null. 
2017-11-23 13:10:09,788 [main] WARN  o.a.t.jdbc.pool.PooledConnection - Not loading a JDBC driver as driverClassName property is null. 
2017-11-23 13:10:27,326 [main] WARN  c.n.c.s.URLConfigurationSource - No URLs will be polled as dynamic configuration sources. 
2017-11-23 13:10:27,341 [main] WARN  c.n.c.s.URLConfigurationSource - No URLs will be polled as dynamic configuration sources. 
2017-11-23 13:10:27,997 [main] INFO  c.s.j.spi.service.ServiceFinder - Running in a non-OSGi environment 
2017-11-23 13:10:28,013 [main] INFO  c.s.j.c.s.c.ProviderServices - Searching for providers that implement: interface com.sun.jersey.client.proxy.ViewProxyProvider 
2017-11-23 13:10:28,013 [main] INFO  c.s.j.c.s.c.ProviderServices - Searching for providers that implement: interface com.sun.jersey.spi.inject.InjectableProvider 
2017-11-23 13:10:28,013 [main] INFO  c.s.j.c.s.c.ProviderServices -     Provider found: class com.sun.jersey.core.impl.provider.xml.SAXParserContextProvider 
2017-11-23 13:10:28,013 [main] INFO  c.s.j.c.s.c.ProviderServices -     Provider found: class com.sun.jersey.core.impl.provider.xml.XMLStreamReaderContextProvider 
2017-11-23 13:10:28,013 [main] INFO  c.s.j.c.s.c.ProviderServices -     Provider found: class com.sun.jersey.core.impl.provider.xml.DocumentBuilderFactoryProvider 
2017-11-23 13:10:28,013 [main] INFO  c.s.j.c.s.c.ProviderServices -     Provider found: class com.sun.jersey.core.impl.provider.xml.TransformerFactoryProvider 
2017-11-23 13:10:28,059 [main] INFO  c.s.j.c.s.c.ProviderServices - Searching for providers that implement: interface javax.ws.rs.ext.MessageBodyReader 
2017-11-23 13:10:28,059 [main] INFO  c.s.j.c.s.c.ProviderServices -     Provider found: class com.sun.jersey.core.impl.provider.entity.StringProvider 
2017-11-23 13:10:28,059 [main] INFO  c.s.j.c.s.c.ProviderServices -     Provider found: class com.sun.jersey.core.impl.provider.entity.ByteArrayProvider 
2017-11-23 13:10:28,059 [main] INFO  c.s.j.c.s.c.ProviderServices -     Provider found: class com.sun.jersey.core.impl.provider.entity.FileProvider 
2017-11-23 13:10:28,059 [main] INFO  c.s.j.c.s.c.ProviderServices -     Provider found: class com.sun.jersey.core.impl.provider.entity.InputStreamProvider 
2017-11-23 13:10:28,059 [main] INFO  c.s.j.c.s.c.ProviderServices -     Provider found: class com.sun.jersey.core.impl.provider.entity.DataSourceProvider 
2017-11-23 13:10:28,059 [main] INFO  c.s.j.c.s.c.ProviderServices -     Provider found: class com.sun.jersey.core.impl.provider.entity.RenderedImageProvider 
2017-11-23 13:10:28,059 [main] INFO  c.s.j.c.s.c.ProviderServices -     Provider found: class com.sun.jersey.core.impl.provider.entity.MimeMultipartProvider 
2017-11-23 13:10:28,059 [main] INFO  c.s.j.c.s.c.ProviderServices -     Provider found: class com.sun.jersey.core.impl.provider.entity.FormProvider 
2017-11-23 13:10:28,059 [main] INFO  c.s.j.c.s.c.ProviderServices -     Provider found: class com.sun.jersey.core.impl.provider.entity.FormMultivaluedMapProvider 
2017-11-23 13:10:28,059 [main] INFO  c.s.j.c.s.c.ProviderServices -     Provider found: class com.sun.jersey.core.impl.provider.entity.XMLRootElementProvider$App 
2017-11-23 13:10:28,059 [main] INFO  c.s.j.c.s.c.ProviderServices -     Provider found: class com.sun.jersey.core.impl.provider.entity.XMLRootElementProvider$Text 
2017-11-23 13:10:28,059 [main] INFO  c.s.j.c.s.c.ProviderServices -     Provider found: class com.sun.jersey.core.impl.provider.entity.XMLRootElementProvider$General 
2017-11-23 13:10:28,059 [main] INFO  c.s.j.c.s.c.ProviderServices -     Provider found: class com.sun.jersey.core.impl.provider.entity.XMLJAXBElementProvider$App 
2017-11-23 13:10:28,059 [main] INFO  c.s.j.c.s.c.ProviderServices -     Provider found: class com.sun.jersey.core.impl.provider.entity.XMLJAXBElementProvider$Text 
2017-11-23 13:10:28,059 [main] INFO  c.s.j.c.s.c.ProviderServices -     Provider found: class com.sun.jersey.core.impl.provider.entity.XMLJAXBElementProvider$General 
2017-11-23 13:10:28,059 [main] INFO  c.s.j.c.s.c.ProviderServices -     Provider found: class com.sun.jersey.core.impl.provider.entity.XMLListElementProvider$App 
2017-11-23 13:10:28,059 [main] INFO  c.s.j.c.s.c.ProviderServices -     Provider found: class com.sun.jersey.core.impl.provider.entity.XMLListElementProvider$Text 
2017-11-23 13:10:28,059 [main] INFO  c.s.j.c.s.c.ProviderServices -     Provider found: class com.sun.jersey.core.impl.provider.entity.XMLListElementProvider$General 
2017-11-23 13:10:28,059 [main] INFO  c.s.j.c.s.c.ProviderServices -     Provider found: class com.sun.jersey.core.impl.provider.entity.ReaderProvider 
2017-11-23 13:10:28,059 [main] INFO  c.s.j.c.s.c.ProviderServices -     Provider found: class com.sun.jersey.core.impl.provider.entity.DocumentProvider 
2017-11-23 13:10:28,059 [main] INFO  c.s.j.c.s.c.ProviderServices -     Provider found: class com.sun.jersey.core.impl.provider.entity.SourceProvider$StreamSourceReader 
2017-11-23 13:10:28,059 [main] INFO  c.s.j.c.s.c.ProviderServices -     Provider found: class com.sun.jersey.core.impl.provider.entity.SourceProvider$SAXSourceReader 
2017-11-23 13:10:28,059 [main] INFO  c.s.j.c.s.c.ProviderServices -     Provider found: class com.sun.jersey.core.impl.provider.entity.SourceProvider$DOMSourceReader 
2017-11-23 13:10:28,059 [main] INFO  c.s.j.c.s.c.ProviderServices -     Provider found: class com.sun.jersey.core.impl.provider.entity.XMLRootObjectProvider$App 
2017-11-23 13:10:28,059 [main] INFO  c.s.j.c.s.c.ProviderServices -     Provider found: class com.sun.jersey.core.impl.provider.entity.XMLRootObjectProvider$Text 
2017-11-23 13:10:28,059 [main] INFO  c.s.j.c.s.c.ProviderServices -     Provider found: class com.sun.jersey.core.impl.provider.entity.XMLRootObjectProvider$General 
2017-11-23 13:10:28,059 [main] INFO  c.s.j.c.s.c.ProviderServices -     Provider found: class com.sun.jersey.core.impl.provider.entity.EntityHolderReader 
2017-11-23 13:10:28,075 [main] INFO  c.s.j.c.s.component.ProviderFactory - A dependent class, javax/mail/MessagingException, of the component class com.sun.jersey.core.impl.provider.entity.MimeMultipartProvider is not found. The component is ignored. 
2017-11-23 13:10:28,106 [main] INFO  c.s.j.c.s.c.ProviderServices - Searching for providers that implement: interface javax.ws.rs.ext.MessageBodyWriter 
2017-11-23 13:10:28,106 [main] INFO  c.s.j.c.s.c.ProviderServices -     Provider found: class com.sun.jersey.core.impl.provider.entity.StringProvider 
2017-11-23 13:10:28,106 [main] INFO  c.s.j.c.s.c.ProviderServices -     Provider found: class com.sun.jersey.core.impl.provider.entity.ByteArrayProvider 
2017-11-23 13:10:28,106 [main] INFO  c.s.j.c.s.c.ProviderServices -     Provider found: class com.sun.jersey.core.impl.provider.entity.FileProvider 
2017-11-23 13:10:28,106 [main] INFO  c.s.j.c.s.c.ProviderServices -     Provider found: class com.sun.jersey.core.impl.provider.entity.InputStreamProvider 
2017-11-23 13:10:28,106 [main] INFO  c.s.j.c.s.c.ProviderServices -     Provider found: class com.sun.jersey.core.impl.provider.entity.DataSourceProvider 
2017-11-23 13:10:28,106 [main] INFO  c.s.j.c.s.c.ProviderServices -     Provider found: class com.sun.jersey.core.impl.provider.entity.RenderedImageProvider 
2017-11-23 13:10:28,106 [main] INFO  c.s.j.c.s.c.ProviderServices -     Provider found: class com.sun.jersey.core.impl.provider.entity.MimeMultipartProvider 
2017-11-23 13:10:28,106 [main] INFO  c.s.j.c.s.c.ProviderServices -     Provider found: class com.sun.jersey.core.impl.provider.entity.FormProvider 
2017-11-23 13:10:28,106 [main] INFO  c.s.j.c.s.c.ProviderServices -     Provider found: class com.sun.jersey.core.impl.provider.entity.FormMultivaluedMapProvider 
2017-11-23 13:10:28,106 [main] INFO  c.s.j.c.s.c.ProviderServices -     Provider found: class com.sun.jersey.core.impl.provider.entity.XMLRootElementProvider$App 
2017-11-23 13:10:28,106 [main] INFO  c.s.j.c.s.c.ProviderServices -     Provider found: class com.sun.jersey.core.impl.provider.entity.XMLRootElementProvider$Text 
2017-11-23 13:10:28,106 [main] INFO  c.s.j.c.s.c.ProviderServices -     Provider found: class com.sun.jersey.core.impl.provider.entity.XMLRootElementProvider$General 
2017-11-23 13:10:28,106 [main] INFO  c.s.j.c.s.c.ProviderServices -     Provider found: class com.sun.jersey.core.impl.provider.entity.XMLJAXBElementProvider$App 
2017-11-23 13:10:28,106 [main] INFO  c.s.j.c.s.c.ProviderServices -     Provider found: class com.sun.jersey.core.impl.provider.entity.XMLJAXBElementProvider$Text 
2017-11-23 13:10:28,106 [main] INFO  c.s.j.c.s.c.ProviderServices -     Provider found: class com.sun.jersey.core.impl.provider.entity.XMLJAXBElementProvider$General 
2017-11-23 13:10:28,106 [main] INFO  c.s.j.c.s.c.ProviderServices -     Provider found: class com.sun.jersey.core.impl.provider.entity.XMLListElementProvider$App 
2017-11-23 13:10:28,106 [main] INFO  c.s.j.c.s.c.ProviderServices -     Provider found: class com.sun.jersey.core.impl.provider.entity.XMLListElementProvider$Text 
2017-11-23 13:10:28,106 [main] INFO  c.s.j.c.s.c.ProviderServices -     Provider found: class com.sun.jersey.core.impl.provider.entity.XMLListElementProvider$General 
2017-11-23 13:10:28,106 [main] INFO  c.s.j.c.s.c.ProviderServices -     Provider found: class com.sun.jersey.core.impl.provider.entity.ReaderProvider 
2017-11-23 13:10:28,106 [main] INFO  c.s.j.c.s.c.ProviderServices -     Provider found: class com.sun.jersey.core.impl.provider.entity.DocumentProvider 
2017-11-23 13:10:28,106 [main] INFO  c.s.j.c.s.c.ProviderServices -     Provider found: class com.sun.jersey.core.impl.provider.entity.StreamingOutputProvider 
2017-11-23 13:10:28,106 [main] INFO  c.s.j.c.s.c.ProviderServices -     Provider found: class com.sun.jersey.core.impl.provider.entity.SourceProvider$SourceWriter 
2017-11-23 13:10:28,106 [main] INFO  c.s.j.c.s.component.ProviderFactory - A dependent class, javax/mail/MessagingException, of the component class com.sun.jersey.core.impl.provider.entity.MimeMultipartProvider is not found. The component is ignored. 
2017-11-23 13:10:28,496 [main] INFO  c.f.d.study.StudyListApplication - Started StudyListApplication in 27.59 seconds (JVM running for 28.483) 
2017-11-23 14:37:27,197 [main] DEBUG org.jboss.logging - Logging Provider: org.jboss.logging.Slf4jLoggerProvider found via system property 
2017-11-23 14:37:27,656 [main] INFO  c.f.d.study.StudyListApplication - The following profiles are active: prod 
2017-11-23 14:37:31,143 [main] WARN  o.s.c.a.ConfigurationClassPostProcessor - Cannot enhance @Configuration bean definition 'refreshScope' since its singleton instance has been created too early. The typical cause is a non-static @Bean method with a BeanDefinitionRegistryPostProcessor return type: Consider declaring such methods as 'static'. 
2017-11-23 14:37:33,703 [main] WARN  o.a.t.jdbc.pool.PooledConnection - Not loading a JDBC driver as driverClassName property is null. 
2017-11-23 14:37:33,892 [main] WARN  o.a.t.jdbc.pool.PooledConnection - Not loading a JDBC driver as driverClassName property is null. 
2017-11-23 14:37:34,035 [main] WARN  o.a.t.jdbc.pool.PooledConnection - Not loading a JDBC driver as driverClassName property is null. 
2017-11-23 14:37:34,061 [main] WARN  o.a.t.jdbc.pool.PooledConnection - Not loading a JDBC driver as driverClassName property is null. 
2017-11-23 14:37:34,067 [main] WARN  o.a.t.jdbc.pool.PooledConnection - Not loading a JDBC driver as driverClassName property is null. 
2017-11-23 14:37:34,105 [main] WARN  o.a.t.jdbc.pool.PooledConnection - Not loading a JDBC driver as driverClassName property is null. 
2017-11-23 14:37:34,133 [main] WARN  o.a.t.jdbc.pool.PooledConnection - Not loading a JDBC driver as driverClassName property is null. 
2017-11-23 14:37:34,144 [main] WARN  o.a.t.jdbc.pool.PooledConnection - Not loading a JDBC driver as driverClassName property is null. 
2017-11-23 14:37:34,158 [main] WARN  o.a.t.jdbc.pool.PooledConnection - Not loading a JDBC driver as driverClassName property is null. 
2017-11-23 14:37:34,181 [main] WARN  o.a.t.jdbc.pool.PooledConnection - Not loading a JDBC driver as driverClassName property is null. 
2017-11-23 14:37:54,977 [main] WARN  c.n.c.s.URLConfigurationSource - No URLs will be polled as dynamic configuration sources. 
2017-11-23 14:37:54,983 [main] WARN  c.n.c.s.URLConfigurationSource - No URLs will be polled as dynamic configuration sources. 
2017-11-23 14:37:55,719 [main] INFO  c.s.j.spi.service.ServiceFinder - Running in a non-OSGi environment 
2017-11-23 14:37:55,724 [main] INFO  c.s.j.c.s.c.ProviderServices - Searching for providers that implement: interface com.sun.jersey.client.proxy.ViewProxyProvider 
2017-11-23 14:37:55,727 [main] INFO  c.s.j.c.s.c.ProviderServices - Searching for providers that implement: interface com.sun.jersey.spi.inject.InjectableProvider 
2017-11-23 14:37:55,731 [main] INFO  c.s.j.c.s.c.ProviderServices -     Provider found: class com.sun.jersey.core.impl.provider.xml.SAXParserContextProvider 
2017-11-23 14:37:55,731 [main] INFO  c.s.j.c.s.c.ProviderServices -     Provider found: class com.sun.jersey.core.impl.provider.xml.XMLStreamReaderContextProvider 
2017-11-23 14:37:55,731 [main] INFO  c.s.j.c.s.c.ProviderServices -     Provider found: class com.sun.jersey.core.impl.provider.xml.DocumentBuilderFactoryProvider 
2017-11-23 14:37:55,731 [main] INFO  c.s.j.c.s.c.ProviderServices -     Provider found: class com.sun.jersey.core.impl.provider.xml.TransformerFactoryProvider 
2017-11-23 14:37:55,773 [main] INFO  c.s.j.c.s.c.ProviderServices - Searching for providers that implement: interface javax.ws.rs.ext.MessageBodyReader 
2017-11-23 14:37:55,786 [main] INFO  c.s.j.c.s.c.ProviderServices -     Provider found: class com.sun.jersey.core.impl.provider.entity.StringProvider 
2017-11-23 14:37:55,786 [main] INFO  c.s.j.c.s.c.ProviderServices -     Provider found: class com.sun.jersey.core.impl.provider.entity.ByteArrayProvider 
2017-11-23 14:37:55,786 [main] INFO  c.s.j.c.s.c.ProviderServices -     Provider found: class com.sun.jersey.core.impl.provider.entity.FileProvider 
2017-11-23 14:37:55,786 [main] INFO  c.s.j.c.s.c.ProviderServices -     Provider found: class com.sun.jersey.core.impl.provider.entity.InputStreamProvider 
2017-11-23 14:37:55,786 [main] INFO  c.s.j.c.s.c.ProviderServices -     Provider found: class com.sun.jersey.core.impl.provider.entity.DataSourceProvider 
2017-11-23 14:37:55,786 [main] INFO  c.s.j.c.s.c.ProviderServices -     Provider found: class com.sun.jersey.core.impl.provider.entity.RenderedImageProvider 
2017-11-23 14:37:55,786 [main] INFO  c.s.j.c.s.c.ProviderServices -     Provider found: class com.sun.jersey.core.impl.provider.entity.MimeMultipartProvider 
2017-11-23 14:37:55,786 [main] INFO  c.s.j.c.s.c.ProviderServices -     Provider found: class com.sun.jersey.core.impl.provider.entity.FormProvider 
2017-11-23 14:37:55,786 [main] INFO  c.s.j.c.s.c.ProviderServices -     Provider found: class com.sun.jersey.core.impl.provider.entity.FormMultivaluedMapProvider 
2017-11-23 14:37:55,787 [main] INFO  c.s.j.c.s.c.ProviderServices -     Provider found: class com.sun.jersey.core.impl.provider.entity.XMLRootElementProvider$App 
2017-11-23 14:37:55,787 [main] INFO  c.s.j.c.s.c.ProviderServices -     Provider found: class com.sun.jersey.core.impl.provider.entity.XMLRootElementProvider$Text 
2017-11-23 14:37:55,787 [main] INFO  c.s.j.c.s.c.ProviderServices -     Provider found: class com.sun.jersey.core.impl.provider.entity.XMLRootElementProvider$General 
2017-11-23 14:37:55,787 [main] INFO  c.s.j.c.s.c.ProviderServices -     Provider found: class com.sun.jersey.core.impl.provider.entity.XMLJAXBElementProvider$App 
2017-11-23 14:37:55,787 [main] INFO  c.s.j.c.s.c.ProviderServices -     Provider found: class com.sun.jersey.core.impl.provider.entity.XMLJAXBElementProvider$Text 
2017-11-23 14:37:55,787 [main] INFO  c.s.j.c.s.c.ProviderServices -     Provider found: class com.sun.jersey.core.impl.provider.entity.XMLJAXBElementProvider$General 
2017-11-23 14:37:55,787 [main] INFO  c.s.j.c.s.c.ProviderServices -     Provider found: class com.sun.jersey.core.impl.provider.entity.XMLListElementProvider$App 
2017-11-23 14:37:55,787 [main] INFO  c.s.j.c.s.c.ProviderServices -     Provider found: class com.sun.jersey.core.impl.provider.entity.XMLListElementProvider$Text 
2017-11-23 14:37:55,787 [main] INFO  c.s.j.c.s.c.ProviderServices -     Provider found: class com.sun.jersey.core.impl.provider.entity.XMLListElementProvider$General 
2017-11-23 14:37:55,788 [main] INFO  c.s.j.c.s.c.ProviderServices -     Provider found: class com.sun.jersey.core.impl.provider.entity.ReaderProvider 
2017-11-23 14:37:55,788 [main] INFO  c.s.j.c.s.c.ProviderServices -     Provider found: class com.sun.jersey.core.impl.provider.entity.DocumentProvider 
2017-11-23 14:37:55,788 [main] INFO  c.s.j.c.s.c.ProviderServices -     Provider found: class com.sun.jersey.core.impl.provider.entity.SourceProvider$StreamSourceReader 
2017-11-23 14:37:55,788 [main] INFO  c.s.j.c.s.c.ProviderServices -     Provider found: class com.sun.jersey.core.impl.provider.entity.SourceProvider$SAXSourceReader 
2017-11-23 14:37:55,788 [main] INFO  c.s.j.c.s.c.ProviderServices -     Provider found: class com.sun.jersey.core.impl.provider.entity.SourceProvider$DOMSourceReader 
2017-11-23 14:37:55,788 [main] INFO  c.s.j.c.s.c.ProviderServices -     Provider found: class com.sun.jersey.core.impl.provider.entity.XMLRootObjectProvider$App 
2017-11-23 14:37:55,788 [main] INFO  c.s.j.c.s.c.ProviderServices -     Provider found: class com.sun.jersey.core.impl.provider.entity.XMLRootObjectProvider$Text 
2017-11-23 14:37:55,788 [main] INFO  c.s.j.c.s.c.ProviderServices -     Provider found: class com.sun.jersey.core.impl.provider.entity.XMLRootObjectProvider$General 
2017-11-23 14:37:55,788 [main] INFO  c.s.j.c.s.c.ProviderServices -     Provider found: class com.sun.jersey.core.impl.provider.entity.EntityHolderReader 
2017-11-23 14:37:55,800 [main] INFO  c.s.j.c.s.component.ProviderFactory - A dependent class, javax/mail/MessagingException, of the component class com.sun.jersey.core.impl.provider.entity.MimeMultipartProvider is not found. The component is ignored. 
2017-11-23 14:37:55,841 [main] INFO  c.s.j.c.s.c.ProviderServices - Searching for providers that implement: interface javax.ws.rs.ext.MessageBodyWriter 
2017-11-23 14:37:55,843 [main] INFO  c.s.j.c.s.c.ProviderServices -     Provider found: class com.sun.jersey.core.impl.provider.entity.StringProvider 
2017-11-23 14:37:55,843 [main] INFO  c.s.j.c.s.c.ProviderServices -     Provider found: class com.sun.jersey.core.impl.provider.entity.ByteArrayProvider 
2017-11-23 14:37:55,843 [main] INFO  c.s.j.c.s.c.ProviderServices -     Provider found: class com.sun.jersey.core.impl.provider.entity.FileProvider 
2017-11-23 14:37:55,843 [main] INFO  c.s.j.c.s.c.ProviderServices -     Provider found: class com.sun.jersey.core.impl.provider.entity.InputStreamProvider 
2017-11-23 14:37:55,843 [main] INFO  c.s.j.c.s.c.ProviderServices -     Provider found: class com.sun.jersey.core.impl.provider.entity.DataSourceProvider 
2017-11-23 14:37:55,843 [main] INFO  c.s.j.c.s.c.ProviderServices -     Provider found: class com.sun.jersey.core.impl.provider.entity.RenderedImageProvider 
2017-11-23 14:37:55,843 [main] INFO  c.s.j.c.s.c.ProviderServices -     Provider found: class com.sun.jersey.core.impl.provider.entity.MimeMultipartProvider 
2017-11-23 14:37:55,843 [main] INFO  c.s.j.c.s.c.ProviderServices -     Provider found: class com.sun.jersey.core.impl.provider.entity.FormProvider 
2017-11-23 14:37:55,843 [main] INFO  c.s.j.c.s.c.ProviderServices -     Provider found: class com.sun.jersey.core.impl.provider.entity.FormMultivaluedMapProvider 
2017-11-23 14:37:55,843 [main] INFO  c.s.j.c.s.c.ProviderServices -     Provider found: class com.sun.jersey.core.impl.provider.entity.XMLRootElementProvider$App 
2017-11-23 14:37:55,843 [main] INFO  c.s.j.c.s.c.ProviderServices -     Provider found: class com.sun.jersey.core.impl.provider.entity.XMLRootElementProvider$Text 
2017-11-23 14:37:55,843 [main] INFO  c.s.j.c.s.c.ProviderServices -     Provider found: class com.sun.jersey.core.impl.provider.entity.XMLRootElementProvider$General 
2017-11-23 14:37:55,843 [main] INFO  c.s.j.c.s.c.ProviderServices -     Provider found: class com.sun.jersey.core.impl.provider.entity.XMLJAXBElementProvider$App 
2017-11-23 14:37:55,843 [main] INFO  c.s.j.c.s.c.ProviderServices -     Provider found: class com.sun.jersey.core.impl.provider.entity.XMLJAXBElementProvider$Text 
2017-11-23 14:37:55,843 [main] INFO  c.s.j.c.s.c.ProviderServices -     Provider found: class com.sun.jersey.core.impl.provider.entity.XMLJAXBElementProvider$General 
2017-11-23 14:37:55,843 [main] INFO  c.s.j.c.s.c.ProviderServices -     Provider found: class com.sun.jersey.core.impl.provider.entity.XMLListElementProvider$App 
2017-11-23 14:37:55,843 [main] INFO  c.s.j.c.s.c.ProviderServices -     Provider found: class com.sun.jersey.core.impl.provider.entity.XMLListElementProvider$Text 
2017-11-23 14:37:55,844 [main] INFO  c.s.j.c.s.c.ProviderServices -     Provider found: class com.sun.jersey.core.impl.provider.entity.XMLListElementProvider$General 
2017-11-23 14:37:55,844 [main] INFO  c.s.j.c.s.c.ProviderServices -     Provider found: class com.sun.jersey.core.impl.provider.entity.ReaderProvider 
2017-11-23 14:37:55,844 [main] INFO  c.s.j.c.s.c.ProviderServices -     Provider found: class com.sun.jersey.core.impl.provider.entity.DocumentProvider 
2017-11-23 14:37:55,844 [main] INFO  c.s.j.c.s.c.ProviderServices -     Provider found: class com.sun.jersey.core.impl.provider.entity.StreamingOutputProvider 
2017-11-23 14:37:55,844 [main] INFO  c.s.j.c.s.c.ProviderServices -     Provider found: class com.sun.jersey.core.impl.provider.entity.SourceProvider$SourceWriter 
2017-11-23 14:37:55,844 [main] INFO  c.s.j.c.s.component.ProviderFactory - A dependent class, javax/mail/MessagingException, of the component class com.sun.jersey.core.impl.provider.entity.MimeMultipartProvider is not found. The component is ignored. 
2017-11-23 14:37:56,283 [main] INFO  c.f.d.study.StudyListApplication - Started StudyListApplication in 30.617 seconds (JVM running for 31.475) 
2017-11-23 14:42:05,247 [DiscoveryClient-CacheRefreshExecutor-0] ERROR c.n.d.s.t.d.RedirectingEurekaHttpClient - Request execution error 
com.sun.jersey.api.client.ClientHandlerException: java.net.SocketTimeoutException: Read timed out
	at com.sun.jersey.client.apache4.ApacheHttpClient4Handler.handle(ApacheHttpClient4Handler.java:187)
	at com.sun.jersey.api.client.filter.GZIPContentEncodingFilter.handle(GZIPContentEncodingFilter.java:123)
	at com.netflix.discovery.EurekaIdentityHeaderFilter.handle(EurekaIdentityHeaderFilter.java:27)
	at com.sun.jersey.api.client.Client.handle(Client.java:652)
	at com.sun.jersey.api.client.WebResource.handle(WebResource.java:682)
	at com.sun.jersey.api.client.WebResource.access$200(WebResource.java:74)
	at com.sun.jersey.api.client.WebResource$Builder.get(WebResource.java:509)
	at com.netflix.discovery.shared.transport.jersey.AbstractJerseyEurekaHttpClient.getApplicationsInternal(AbstractJerseyEurekaHttpClient.java:194)
	at com.netflix.discovery.shared.transport.jersey.AbstractJerseyEurekaHttpClient.getDelta(AbstractJerseyEurekaHttpClient.java:170)
	at com.netflix.discovery.shared.transport.decorator.EurekaHttpClientDecorator$7.execute(EurekaHttpClientDecorator.java:152)
	at com.netflix.discovery.shared.transport.decorator.MetricsCollectingEurekaHttpClient.execute(MetricsCollectingEurekaHttpClient.java:73)
	at com.netflix.discovery.shared.transport.decorator.EurekaHttpClientDecorator.getDelta(EurekaHttpClientDecorator.java:149)
	at com.netflix.discovery.shared.transport.decorator.EurekaHttpClientDecorator$7.execute(EurekaHttpClientDecorator.java:152)
	at com.netflix.discovery.shared.transport.decorator.RedirectingEurekaHttpClient.execute(RedirectingEurekaHttpClient.java:89)
	at com.netflix.discovery.shared.transport.decorator.EurekaHttpClientDecorator.getDelta(EurekaHttpClientDecorator.java:149)
	at com.netflix.discovery.shared.transport.decorator.EurekaHttpClientDecorator$7.execute(EurekaHttpClientDecorator.java:152)
	at com.netflix.discovery.shared.transport.decorator.RetryableEurekaHttpClient.execute(RetryableEurekaHttpClient.java:119)
	at com.netflix.discovery.shared.transport.decorator.EurekaHttpClientDecorator.getDelta(EurekaHttpClientDecorator.java:149)
	at com.netflix.discovery.shared.transport.decorator.EurekaHttpClientDecorator$7.execute(EurekaHttpClientDecorator.java:152)
	at com.netflix.discovery.shared.transport.decorator.SessionedEurekaHttpClient.execute(SessionedEurekaHttpClient.java:77)
	at com.netflix.discovery.shared.transport.decorator.EurekaHttpClientDecorator.getDelta(EurekaHttpClientDecorator.java:149)
	at com.netflix.discovery.DiscoveryClient.getAndUpdateDelta(DiscoveryClient.java:1064)
	at com.netflix.discovery.DiscoveryClient.fetchRegistry(DiscoveryClient.java:946)
	at com.netflix.discovery.DiscoveryClient.refreshRegistry(DiscoveryClient.java:1468)
	at com.netflix.discovery.DiscoveryClient$CacheRefreshThread.run(DiscoveryClient.java:1435)
	at java.util.concurrent.Executors$RunnableAdapter.call(Unknown Source)
	at java.util.concurrent.FutureTask.run(Unknown Source)
	at java.util.concurrent.ThreadPoolExecutor.runWorker(Unknown Source)
	at java.util.concurrent.ThreadPoolExecutor$Worker.run(Unknown Source)
	at java.lang.Thread.run(Unknown Source)
Caused by: java.net.SocketTimeoutException: Read timed out
	at java.net.SocketInputStream.socketRead0(Native Method)
	at java.net.SocketInputStream.socketRead(Unknown Source)
	at java.net.SocketInputStream.read(Unknown Source)
	at java.net.SocketInputStream.read(Unknown Source)
	at org.apache.http.impl.io.AbstractSessionInputBuffer.fillBuffer(AbstractSessionInputBuffer.java:160)
	at org.apache.http.impl.io.SocketInputBuffer.fillBuffer(SocketInputBuffer.java:84)
	at org.apache.http.impl.io.AbstractSessionInputBuffer.readLine(AbstractSessionInputBuffer.java:273)
	at org.apache.http.impl.conn.DefaultHttpResponseParser.parseHead(DefaultHttpResponseParser.java:140)
	at org.apache.http.impl.conn.DefaultHttpResponseParser.parseHead(DefaultHttpResponseParser.java:57)
	at org.apache.http.impl.io.AbstractMessageParser.parse(AbstractMessageParser.java:261)
	at org.apache.http.impl.AbstractHttpClientConnection.receiveResponseHeader(AbstractHttpClientConnection.java:283)
	at org.apache.http.impl.conn.DefaultClientConnection.receiveResponseHeader(DefaultClientConnection.java:251)
	at org.apache.http.impl.conn.AbstractClientConnAdapter.receiveResponseHeader(AbstractClientConnAdapter.java:223)
	at org.apache.http.protocol.HttpRequestExecutor.doReceiveResponse(HttpRequestExecutor.java:272)
	at org.apache.http.protocol.HttpRequestExecutor.execute(HttpRequestExecutor.java:124)
	at org.apache.http.impl.client.DefaultRequestDirector.tryExecute(DefaultRequestDirector.java:685)
	at org.apache.http.impl.client.DefaultRequestDirector.execute(DefaultRequestDirector.java:487)
	at org.apache.http.impl.client.AbstractHttpClient.doExecute(AbstractHttpClient.java:882)
	at org.apache.http.impl.client.CloseableHttpClient.execute(CloseableHttpClient.java:117)
	at org.apache.http.impl.client.CloseableHttpClient.execute(CloseableHttpClient.java:55)
	at com.sun.jersey.client.apache4.ApacheHttpClient4Handler.handle(ApacheHttpClient4Handler.java:173)
	... 29 common frames omitted
2017-11-23 14:42:05,247 [DiscoveryClient-CacheRefreshExecutor-0] WARN  c.n.d.s.t.d.RetryableEurekaHttpClient - Request execution failure 
2017-11-23 14:42:06,052 [DiscoveryClient-HeartbeatExecutor-0] ERROR c.n.d.s.t.d.RedirectingEurekaHttpClient - Request execution error 
com.sun.jersey.api.client.ClientHandlerException: java.net.SocketTimeoutException: Read timed out
	at com.sun.jersey.client.apache4.ApacheHttpClient4Handler.handle(ApacheHttpClient4Handler.java:187)
	at com.sun.jersey.api.client.filter.GZIPContentEncodingFilter.handle(GZIPContentEncodingFilter.java:123)
	at com.netflix.discovery.EurekaIdentityHeaderFilter.handle(EurekaIdentityHeaderFilter.java:27)
	at com.sun.jersey.api.client.Client.handle(Client.java:652)
	at com.sun.jersey.api.client.WebResource.handle(WebResource.java:682)
	at com.sun.jersey.api.client.WebResource.access$200(WebResource.java:74)
	at com.sun.jersey.api.client.WebResource$Builder.put(WebResource.java:529)
	at com.netflix.discovery.shared.transport.jersey.AbstractJerseyEurekaHttpClient.sendHeartBeat(AbstractJerseyEurekaHttpClient.java:102)
	at com.netflix.discovery.shared.transport.decorator.EurekaHttpClientDecorator$3.execute(EurekaHttpClientDecorator.java:92)
	at com.netflix.discovery.shared.transport.decorator.MetricsCollectingEurekaHttpClient.execute(MetricsCollectingEurekaHttpClient.java:73)
	at com.netflix.discovery.shared.transport.decorator.EurekaHttpClientDecorator.sendHeartBeat(EurekaHttpClientDecorator.java:89)
	at com.netflix.discovery.shared.transport.decorator.EurekaHttpClientDecorator$3.execute(EurekaHttpClientDecorator.java:92)
	at com.netflix.discovery.shared.transport.decorator.RedirectingEurekaHttpClient.execute(RedirectingEurekaHttpClient.java:89)
	at com.netflix.discovery.shared.transport.decorator.EurekaHttpClientDecorator.sendHeartBeat(EurekaHttpClientDecorator.java:89)
	at com.netflix.discovery.shared.transport.decorator.EurekaHttpClientDecorator$3.execute(EurekaHttpClientDecorator.java:92)
	at com.netflix.discovery.shared.transport.decorator.RetryableEurekaHttpClient.execute(RetryableEurekaHttpClient.java:119)
	at com.netflix.discovery.shared.transport.decorator.EurekaHttpClientDecorator.sendHeartBeat(EurekaHttpClientDecorator.java:89)
	at com.netflix.discovery.shared.transport.decorator.EurekaHttpClientDecorator$3.execute(EurekaHttpClientDecorator.java:92)
	at com.netflix.discovery.shared.transport.decorator.SessionedEurekaHttpClient.execute(SessionedEurekaHttpClient.java:77)
	at com.netflix.discovery.shared.transport.decorator.EurekaHttpClientDecorator.sendHeartBeat(EurekaHttpClientDecorator.java:89)
	at com.netflix.discovery.DiscoveryClient.renew(DiscoveryClient.java:832)
	at com.netflix.discovery.DiscoveryClient$HeartbeatThread.run(DiscoveryClient.java:1396)
	at java.util.concurrent.Executors$RunnableAdapter.call(Unknown Source)
	at java.util.concurrent.FutureTask.run(Unknown Source)
	at java.util.concurrent.ThreadPoolExecutor.runWorker(Unknown Source)
	at java.util.concurrent.ThreadPoolExecutor$Worker.run(Unknown Source)
	at java.lang.Thread.run(Unknown Source)
Caused by: java.net.SocketTimeoutException: Read timed out
	at java.net.SocketInputStream.socketRead0(Native Method)
	at java.net.SocketInputStream.socketRead(Unknown Source)
	at java.net.SocketInputStream.read(Unknown Source)
	at java.net.SocketInputStream.read(Unknown Source)
	at org.apache.http.impl.io.AbstractSessionInputBuffer.fillBuffer(AbstractSessionInputBuffer.java:160)
	at org.apache.http.impl.io.SocketInputBuffer.fillBuffer(SocketInputBuffer.java:84)
	at org.apache.http.impl.io.AbstractSessionInputBuffer.readLine(AbstractSessionInputBuffer.java:273)
	at org.apache.http.impl.conn.DefaultHttpResponseParser.parseHead(DefaultHttpResponseParser.java:140)
	at org.apache.http.impl.conn.DefaultHttpResponseParser.parseHead(DefaultHttpResponseParser.java:57)
	at org.apache.http.impl.io.AbstractMessageParser.parse(AbstractMessageParser.java:261)
	at org.apache.http.impl.AbstractHttpClientConnection.receiveResponseHeader(AbstractHttpClientConnection.java:283)
	at org.apache.http.impl.conn.DefaultClientConnection.receiveResponseHeader(DefaultClientConnection.java:251)
	at org.apache.http.impl.conn.AbstractClientConnAdapter.receiveResponseHeader(AbstractClientConnAdapter.java:223)
	at org.apache.http.protocol.HttpRequestExecutor.doReceiveResponse(HttpRequestExecutor.java:272)
	at org.apache.http.protocol.HttpRequestExecutor.execute(HttpRequestExecutor.java:124)
	at org.apache.http.impl.client.DefaultRequestDirector.tryExecute(DefaultRequestDirector.java:685)
	at org.apache.http.impl.client.DefaultRequestDirector.execute(DefaultRequestDirector.java:487)
	at org.apache.http.impl.client.AbstractHttpClient.doExecute(AbstractHttpClient.java:882)
	at org.apache.http.impl.client.CloseableHttpClient.execute(CloseableHttpClient.java:117)
	at org.apache.http.impl.client.CloseableHttpClient.execute(CloseableHttpClient.java:55)
	at com.sun.jersey.client.apache4.ApacheHttpClient4Handler.handle(ApacheHttpClient4Handler.java:173)
	... 26 common frames omitted
2017-11-23 14:42:06,052 [DiscoveryClient-HeartbeatExecutor-0] WARN  c.n.d.s.t.d.RetryableEurekaHttpClient - Request execution failure 
